0.9702 	WARNING 	We strongly recommend you activate the PTB sound engine in PsychoPy prefs as the preferred audio engine. Its timing is vastly superior. Your prefs are currently set to use ['sounddevice', 'PTB', 'pyo', 'pygame'] (in that order).
4.4994 	WARNING 	User requested fullscreen with size [2560 1440], but screen is actually [1512, 982]. Using actual size
5.6307 	WARNING 	Couldn't measure a consistent frame rate!
  - Is your graphics card set to sync to vertical blank?
  - Are you running other processes on your computer?

5.6313 	EXP 	Created window1 = Window(allowGUI=False, allowStencil=False, autoLog=True, backendConf=UNKNOWN, bitsMode=UNKNOWN, blendMode='avg', bpc=(8, 8, 8), color=array([0, 0, 0]), colorSpace='rgb', depthBits=8, fullscr=<method-wrapper '__getattribute__' of attributeSetter object at 0x7ff011e4cd00>, gamma=None, gammaErrorPolicy='raise', lms=UNKNOWN, monitor=<psychopy.monitors.calibTools.Monitor object at 0x7fef91019dc0>, multiSample=False, name='window1', numSamples=2, pos=[378.0, 245.5], screen=0, size=array([3024, 1964]), stencilBits=0, stereo=False, units='height', useFBO=True, useRetina=True, viewOri=0.0, viewPos=None, viewScale=None, waitBlanking=True, winType='pyglet')
5.6316 	EXP 	window1: mouseVisible = True
5.6316 	EXP 	window1: Attempting to measure frame rate of screen (0) ...
5.6317 	EXP 	window1: recordFrameIntervals = False
5.7138 	EXP 	window1: recordFrameIntervals = True
6.5471 	WARNING 	Couldn't measure a consistent frame rate!
  - Is your graphics card set to sync to vertical blank?
  - Are you running other processes on your computer?

7.3599 	EXP 	Created text_10 = TextStim(__class__=<class 'psychopy.visual.text.TextStim'>, alignHoriz=method-wrapper(...), alignText='center', alignVert=method-wrapper(...), anchorHoriz='center', anchorVert='center', antialias=True, autoDraw=False, autoLog=True, bold=False, color=array([1, 1, 1]), colorSpace='rgb', contrast=1.0, depth=-1.0, flipHoriz=False, flipVert=False, font='Open Sans', fontFiles=[], height=0.026, italic=False, languageStyle='LTR', name='text_10', opacity=1.0, ori=0, pos=array([0.  , 0.05]), rgb=UNKNOWN, text='', units='height', win=Window(...), wrapWidth=0.56)
7.3722 	EXP 	Created image_9 = ImageStim(__class__=<class 'psychopy.visual.image.ImageStim'>, anchor=('center', 'center'), autoLog=True, color=array([1, 1, 1]), colorSpace='rgb', contrast=1.0, depth=-2.0, flipHoriz=False, flipVert=False, image='sin', interpolate=True, mask=None, maskParams=None, name='image_9', opacity=1.0, ori=0.0, pos=array([-0.1, -0.2]), size=array([0.1, 0.1]), texRes=128, units='height', win=Window(...))
7.3754 	EXP 	Created image_10 = ImageStim(__class__=<class 'psychopy.visual.image.ImageStim'>, anchor=('center', 'center'), autoLog=True, color=array([1, 1, 1]), colorSpace='rgb', contrast=1.0, depth=-3.0, flipHoriz=False, flipVert=False, image='sin', interpolate=True, mask=None, maskParams=None, name='image_10', opacity=1.0, ori=0.0, pos=array([-0.034, -0.2  ]), size=array([0.1, 0.1]), texRes=128, units='height', win=Window(...))
7.3781 	EXP 	Created image_11 = ImageStim(__class__=<class 'psychopy.visual.image.ImageStim'>, anchor=('center', 'center'), autoLog=True, color=array([1, 1, 1]), colorSpace='rgb', contrast=1.0, depth=-4.0, flipHoriz=False, flipVert=False, image='sin', interpolate=True, mask=None, maskParams=None, name='image_11', opacity=1.0, ori=0.0, pos=array([ 0.034, -0.2  ]), size=array([0.1, 0.1]), texRes=128, units='height', win=Window(...))
7.3807 	EXP 	Created image_12 = ImageStim(__class__=<class 'psychopy.visual.image.ImageStim'>, anchor=('center', 'center'), autoLog=True, color=array([1, 1, 1]), colorSpace='rgb', contrast=1.0, depth=-5.0, flipHoriz=False, flipVert=False, image='sin', interpolate=True, mask=None, maskParams=None, name='image_12', opacity=1.0, ori=0.0, pos=array([ 0.1, -0.2]), size=array([0.1, 0.1]), texRes=128, units='height', win=Window(...))
7.4772 	EXP 	Created text = TextStim(__class__=<class 'psychopy.visual.text.TextStim'>, alignHoriz=method-wrapper(...), alignText='center', alignVert=method-wrapper(...), anchorHoriz='center', anchorVert='center', antialias=True, autoDraw=False, autoLog=True, bold=False, color=array([1, 1, 1]), colorSpace='rgb', contrast=1.0, depth=-1.0, flipHoriz=False, flipVert=False, font='Open Sans', fontFiles=[], height=0.026, italic=False, languageStyle='LTR', name='text', opacity=1.0, ori=0, pos=array([0.  , 0.05]), rgb=UNKNOWN, text='', units='height', win=Window(...), wrapWidth=0.56)
7.4813 	EXP 	Created image = ImageStim(__class__=<class 'psychopy.visual.image.ImageStim'>, anchor=('center', 'center'), autoLog=True, color=array([1, 1, 1]), colorSpace='rgb', contrast=1.0, depth=-2.0, flipHoriz=False, flipVert=False, image='sin', interpolate=True, mask=None, maskParams=None, name='image', opacity=1.0, ori=0.0, pos=array([-0.1, -0.1]), size=array([0.1, 0.1]), texRes=128, units='height', win=Window(...))
7.4841 	EXP 	Created image_2 = ImageStim(__class__=<class 'psychopy.visual.image.ImageStim'>, anchor=('center', 'center'), autoLog=True, color=array([1, 1, 1]), colorSpace='rgb', contrast=1.0, depth=-3.0, flipHoriz=False, flipVert=False, image='sin', interpolate=True, mask=None, maskParams=None, name='image_2', opacity=1.0, ori=0.0, pos=array([-0.034, -0.1  ]), size=array([0.1, 0.1]), texRes=128, units='height', win=Window(...))
7.4868 	EXP 	Created image_3 = ImageStim(__class__=<class 'psychopy.visual.image.ImageStim'>, anchor=('center', 'center'), autoLog=True, color=array([1, 1, 1]), colorSpace='rgb', contrast=1.0, depth=-4.0, flipHoriz=False, flipVert=False, image='sin', interpolate=True, mask=None, maskParams=None, name='image_3', opacity=1.0, ori=0.0, pos=array([ 0.034, -0.1  ]), size=array([0.1, 0.1]), texRes=128, units='height', win=Window(...))
7.4898 	EXP 	Created image_4 = ImageStim(__class__=<class 'psychopy.visual.image.ImageStim'>, anchor=('center', 'center'), autoLog=True, color=array([1, 1, 1]), colorSpace='rgb', contrast=1.0, depth=-5.0, flipHoriz=False, flipVert=False, image='sin', interpolate=True, mask=None, maskParams=None, name='image_4', opacity=1.0, ori=0.0, pos=array([ 0.1, -0.1]), size=array([0.1, 0.1]), texRes=128, units='height', win=Window(...))
7.8118 	EXP 	Created green_frame = ImageStim(__class__=<class 'psychopy.visual.image.ImageStim'>, anchor=('center', 'center'), autoLog=True, color=array([1, 1, 1]), colorSpace='rgb', contrast=1.0, depth=-7.0, flipHoriz=False, flipVert=False, image='outline.png', interpolate=True, mask=None, maskParams=None, name='green_frame', opacity=1.0, ori=0.0, pos=array([0., 0.]), size=array([1.7778, 1.    ]), texRes=128, units='height', win=Window(...))
7.8154 	EXP 	Created cross_fixation = ShapeStim(__class__=<class 'psychopy.visual.shape.ShapeStim'>, anchor=('center', 'center'), autoDraw=False, autoLog=True, closeShape=True, color=method-wrapper(...), colorSpace='rgb', contrast=None, depth=-1.0, fillColor=array([-1, -1, -1]), fillColorSpace='rgb', fillRGB=array([-1, -1, -1]), interpolate=True, lineColor=array([-1, -1, -1]), lineColorSpace='rgb', lineRGB=array([-1, -1, -1]), lineWidth=1, name='cross_fixation', opacity=1.0, ori=0.0, pos=array([0., 0.]), size=array([0.015, 0.015]), units='height', vertices=ndarray(...), win=Window(...), windingRule=None)
7.9139 	EXP 	Created cross_stim2 = ShapeStim(__class__=<class 'psychopy.visual.shape.ShapeStim'>, anchor=('center', 'center'), autoDraw=False, autoLog=True, closeShape=True, color=method-wrapper(...), colorSpace='rgb', contrast=None, depth=-1.0, fillColor=array([-1, -1, -1]), fillColorSpace='rgb', fillRGB=array([-1, -1, -1]), interpolate=True, lineColor=array([-1, -1, -1]), lineColorSpace='rgb', lineRGB=array([-1, -1, -1]), lineWidth=1, name='cross_stim2', opacity=1.0, ori=0.0, pos=array([0., 0.]), size=array([0.015, 0.015]), units='height', vertices=ndarray(...), win=Window(...), windingRule=None)
7.9195 	EXP 	Created symbol_left = ImageStim(__class__=<class 'psychopy.visual.image.ImageStim'>, anchor=('center', 'center'), autoLog=True, color=array([1, 1, 1]), colorSpace='rgb', contrast=1.0, depth=-2.0, flipHoriz=False, flipVert=False, image='sin', interpolate=True, mask=None, maskParams=None, name='symbol_left', opacity=1.0, ori=0.0, pos=array([-0.06,  0.  ]), size=array([0.15, 0.15]), texRes=128, units='height', win=Window(...))
7.9226 	EXP 	Created symbol_right = ImageStim(__class__=<class 'psychopy.visual.image.ImageStim'>, anchor=('center', 'center'), autoLog=True, color=array([1, 1, 1]), colorSpace='rgb', contrast=1.0, depth=-3.0, flipHoriz=False, flipVert=False, image='sin', interpolate=True, mask=None, maskParams=None, name='symbol_right', opacity=1.0, ori=0.0, pos=array([0.06, 0.  ]), size=array([0.15, 0.15]), texRes=128, units='height', win=Window(...))
8.0199 	EXP 	Created cross_sel = ShapeStim(__class__=<class 'psychopy.visual.shape.ShapeStim'>, anchor=('center', 'center'), autoDraw=False, autoLog=True, closeShape=True, color=method-wrapper(...), colorSpace='rgb', contrast=None, depth=-1.0, fillColor=array([-1, -1, -1]), fillColorSpace='rgb', fillRGB=array([-1, -1, -1]), interpolate=True, lineColor=array([-1, -1, -1]), lineColorSpace='rgb', lineRGB=array([-1, -1, -1]), lineWidth=1, name='cross_sel', opacity=1.0, ori=0.0, pos=array([0., 0.]), size=array([0.015, 0.015]), units='height', vertices=ndarray(...), win=Window(...), windingRule=None)
8.0233 	EXP 	Created s_left_3 = ImageStim(__class__=<class 'psychopy.visual.image.ImageStim'>, anchor=('center', 'center'), autoLog=True, color=array([1, 1, 1]), colorSpace='rgb', contrast=1.0, depth=-2.0, flipHoriz=False, flipVert=False, image='sin', interpolate=True, mask=None, maskParams=None, name='s_left_3', opacity=1.0, ori=0.0, pos=array([-0.06,  0.  ]), size=array([0.15, 0.15]), texRes=128, units='height', win=Window(...))
8.0260 	EXP 	Created s_right_3 = ImageStim(__class__=<class 'psychopy.visual.image.ImageStim'>, anchor=('center', 'center'), autoLog=True, color=array([1, 1, 1]), colorSpace='rgb', contrast=1.0, depth=-3.0, flipHoriz=False, flipVert=False, image='sin', interpolate=True, mask=None, maskParams=None, name='s_right_3', opacity=1.0, ori=0.0, pos=array([0.06, 0.  ]), size=array([0.15, 0.15]), texRes=128, units='height', win=Window(...))
8.0288 	EXP 	Created s_if_left_3 = ImageStim(__class__=<class 'psychopy.visual.image.ImageStim'>, anchor=('center', 'center'), autoLog=True, color=array([1, 1, 1]), colorSpace='rgb', contrast=1.0, depth=-4.0, flipHoriz=False, flipVert=False, image='sin', interpolate=True, mask=None, maskParams=None, name='s_if_left_3', opacity=1.0, ori=0.0, pos=array([-0.06,  0.  ]), size=array([0.15, 0.15]), texRes=128, units='height', win=Window(...))
8.0336 	EXP 	Created s_if_right_3 = ImageStim(__class__=<class 'psychopy.visual.image.ImageStim'>, anchor=('center', 'center'), autoLog=True, color=array([1, 1, 1]), colorSpace='rgb', contrast=1.0, depth=-5.0, flipHoriz=False, flipVert=False, image='sin', interpolate=True, mask=None, maskParams=None, name='s_if_right_3', opacity=1.0, ori=0.0, pos=array([0.06, 0.  ]), size=array([0.15, 0.15]), texRes=128, units='height', win=Window(...))
8.0347 	EXP 	Created cross_feed = ShapeStim(__class__=<class 'psychopy.visual.shape.ShapeStim'>, anchor=('center', 'center'), autoDraw=False, autoLog=True, closeShape=True, color=method-wrapper(...), colorSpace='rgb', contrast=None, depth=-1.0, fillColor=array([-1, -1, -1]), fillColorSpace='rgb', fillRGB=array([-1, -1, -1]), interpolate=True, lineColor=array([-1, -1, -1]), lineColorSpace='rgb', lineRGB=array([-1, -1, -1]), lineWidth=1, name='cross_feed', opacity=1.0, ori=0.0, pos=array([0., 0.]), size=array([0.015, 0.015]), units='height', vertices=ndarray(...), win=Window(...), windingRule=None)
8.0378 	EXP 	Created s_left = ImageStim(__class__=<class 'psychopy.visual.image.ImageStim'>, anchor=('center', 'center'), autoLog=True, color=array([1, 1, 1]), colorSpace='rgb', contrast=1.0, depth=-2.0, flipHoriz=False, flipVert=False, image='sin', interpolate=True, mask=None, maskParams=None, name='s_left', opacity=1.0, ori=0.0, pos=array([-0.06,  0.  ]), size=array([0.15, 0.15]), texRes=128, units='height', win=Window(...))
8.0405 	EXP 	Created s_right = ImageStim(__class__=<class 'psychopy.visual.image.ImageStim'>, anchor=('center', 'center'), autoLog=True, color=array([1, 1, 1]), colorSpace='rgb', contrast=1.0, depth=-3.0, flipHoriz=False, flipVert=False, image='sin', interpolate=True, mask=None, maskParams=None, name='s_right', opacity=1.0, ori=0.0, pos=array([0.06, 0.  ]), size=array([0.15, 0.15]), texRes=128, units='height', win=Window(...))
8.0432 	EXP 	Created s_if_left = ImageStim(__class__=<class 'psychopy.visual.image.ImageStim'>, anchor=('center', 'center'), autoLog=True, color=array([1, 1, 1]), colorSpace='rgb', contrast=1.0, depth=-4.0, flipHoriz=False, flipVert=False, image='sin', interpolate=True, mask=None, maskParams=None, name='s_if_left', opacity=1.0, ori=0.0, pos=array([-0.06,  0.  ]), size=array([0.15, 0.15]), texRes=128, units='height', win=Window(...))
8.0462 	EXP 	Created s_if_right = ImageStim(__class__=<class 'psychopy.visual.image.ImageStim'>, anchor=('center', 'center'), autoLog=True, color=array([1, 1, 1]), colorSpace='rgb', contrast=1.0, depth=-5.0, flipHoriz=False, flipVert=False, image='sin', interpolate=True, mask=None, maskParams=None, name='s_if_right', opacity=1.0, ori=0.0, pos=array([0.06, 0.  ]), size=array([0.15, 0.15]), texRes=128, units='height', win=Window(...))
8.0479 	EXP 	Created text_2 = TextStim(__class__=<class 'psychopy.visual.text.TextStim'>, alignHoriz=method-wrapper(...), alignText='center', alignVert=method-wrapper(...), anchorHoriz='center', anchorVert='center', antialias=True, autoDraw=False, autoLog=True, bold=False, color=array([-1, -1, -1]), colorSpace='rgb', contrast=1.0, depth=-6.0, flipHoriz=False, flipVert=False, font='Arial', fontFiles=[], height=0.03, italic=False, languageStyle='LTR', name='text_2', opacity=1.0, ori=0, pos=array([0., 0.]), rgb=UNKNOWN, text='', units='height', win=Window(...), wrapWidth=1)
8.0484 	EXP 	Created text_5 = TextStim(__class__=<class 'psychopy.visual.text.TextStim'>, alignHoriz=method-wrapper(...), alignText='center', alignVert=method-wrapper(...), anchorHoriz='center', anchorVert='center', antialias=True, autoDraw=False, autoLog=True, bold=False, color=array([1, 1, 1]), colorSpace='rgb', contrast=1.0, depth=-7.0, flipHoriz=False, flipVert=False, font='Open Sans', fontFiles=[], height=0.03, italic=False, languageStyle='LTR', name='text_5', opacity=1.0, ori=0.0, pos=array([ 0. , -0.8]), rgb=UNKNOWN, text='', units='height', win=Window(...), wrapWidth=1)
8.0495 	EXP 	Created cross_slow = ShapeStim(__class__=<class 'psychopy.visual.shape.ShapeStim'>, anchor=('center', 'center'), autoDraw=False, autoLog=True, closeShape=True, color=method-wrapper(...), colorSpace='rgb', contrast=None, depth=-1.0, fillColor=array([-1, -1, -1]), fillColorSpace='rgb', fillRGB=array([-1, -1, -1]), interpolate=True, lineColor=array([-1, -1, -1]), lineColorSpace='rgb', lineRGB=array([-1, -1, -1]), lineWidth=1, name='cross_slow', opacity=1.0, ori=0.0, pos=array([0., 0.]), size=array([0.015, 0.015]), units='height', vertices=ndarray(...), win=Window(...), windingRule=None)
8.0526 	EXP 	Created s_left_2 = ImageStim(__class__=<class 'psychopy.visual.image.ImageStim'>, anchor=('center', 'center'), autoLog=True, color=array([1, 1, 1]), colorSpace='rgb', contrast=1.0, depth=-2.0, flipHoriz=False, flipVert=False, image='sin', interpolate=True, mask=None, maskParams=None, name='s_left_2', opacity=1.0, ori=0.0, pos=array([-0.06,  0.  ]), size=array([0.15, 0.15]), texRes=128, units='height', win=Window(...))
8.0553 	EXP 	Created s_right_2 = ImageStim(__class__=<class 'psychopy.visual.image.ImageStim'>, anchor=('center', 'center'), autoLog=True, color=array([1, 1, 1]), colorSpace='rgb', contrast=1.0, depth=-3.0, flipHoriz=False, flipVert=False, image='sin', interpolate=True, mask=None, maskParams=None, name='s_right_2', opacity=1.0, ori=0.0, pos=array([0.06, 0.  ]), size=array([0.15, 0.15]), texRes=128, units='height', win=Window(...))
8.0558 	EXP 	Created text_3 = TextStim(__class__=<class 'psychopy.visual.text.TextStim'>, alignHoriz=method-wrapper(...), alignText='center', alignVert=method-wrapper(...), anchorHoriz='center', anchorVert='center', antialias=True, autoDraw=False, autoLog=True, bold=False, color=array([1, 1, 1]), colorSpace='rgb', contrast=1.0, depth=-4.0, flipHoriz=False, flipVert=False, font='Arial', fontFiles=[], height=0.02, italic=False, languageStyle='LTR', name='text_3', opacity=1.0, ori=0, pos=array([ 0.  , -0.08]), rgb=UNKNOWN, text='', units='height', win=Window(...), wrapWidth=1)
8.0563 	EXP 	Created text_6 = TextStim(__class__=<class 'psychopy.visual.text.TextStim'>, alignHoriz=method-wrapper(...), alignText='center', alignVert=method-wrapper(...), anchorHoriz='center', anchorVert='center', antialias=True, autoDraw=False, autoLog=True, bold=False, color=array([1, 1, 1]), colorSpace='rgb', contrast=1.0, depth=-1.0, flipHoriz=False, flipVert=False, font='Arial', fontFiles=[], height=0.026, italic=False, languageStyle='LTR', name='text_6', opacity=1.0, ori=0, pos=array([0., 0.]), rgb=UNKNOWN, text='', units='height', win=Window(...), wrapWidth=1)
8.0830 	EXP 	Created text_9 = TextStim(__class__=<class 'psychopy.visual.text.TextStim'>, alignHoriz=method-wrapper(...), alignText='center', alignVert=method-wrapper(...), anchorHoriz='center', anchorVert='center', antialias=True, autoDraw=False, autoLog=True, bold=False, color=array([1, 1, 1]), colorSpace='rgb', contrast=1.0, depth=0.0, flipHoriz=False, flipVert=False, font='Open Sans', fontFiles=[], height=0.026, italic=False, languageStyle='LTR', name='text_9', opacity=1.0, ori=0.0, pos=array([0., 0.]), rgb=UNKNOWN, text=str(...), units='height', win=Window(...), wrapWidth=1)
8.0947 	EXP 	Imported prep_stim_info.csv as conditions, 80 conditions, 16 params
8.0954 	EXP 	Created sequence: sequential, trialTypes=80, nReps=1, seed=None
8.0957 	EXP 	New trial (rep=0, index=0): OrderedDict([('left', 'g_4.png'), ('right', 'b_4.png'), ('left_selected', 'g_4_d.png'), ('right_selected', 'b_4_d.png'), ('right_rew_dbl', 32), ('left_rew_dbl', 69), ('stim1', 1), ('stim2', 3), ('trigger_integer', 13), ('block', 4), ('trial_n', 1), ('trial_id', 541), ('right_rew', '3 2'), ('left_rew', '6 9'), ('typeOfChoice', 2), ('correct', 0.0)])
8.1960 	WARNING 	t of last frame was 1649.01ms (=1/0)
8.1960 	EXP 	text_10: height = 0.026
8.1960 	EXP 	text_10: height = 0.026
8.1960 	EXP 	text_10: height = 0.026
8.1960 	EXP 	text_10: text = "In this practice block, you will choose between pairs of slot machines (shown below) that give you variable points. To win the game you should select the slot machines strategically so that by the end of the block you have as many points as possible. Select the left or right slot machine by using the left or right keys on the keyboard. You have 2 seconds to make your choice. \n Now we will do a short practice. Press the left or right key to start whenever you're ready."
8.1960 	EXP 	image_9: image = 'b_4.png'
8.1960 	EXP 	image_10: image = 'g_4.png'
8.1960 	EXP 	image_11: image = 'p_4.png'
8.1960 	EXP 	image_12: image = 'y_4.png'
8.1960 	EXP 	text_10: autoDraw = True
8.1960 	EXP 	image_9: autoDraw = True
8.1960 	EXP 	image_10: autoDraw = True
8.1960 	EXP 	image_11: autoDraw = True
8.1960 	EXP 	image_12: autoDraw = True
50.4444 	DATA 	Keypress: escape
50.4484 	WARNING 	t of last frame was 25.52ms (=1/39)
50.5511 	EXP 	window1: mouseVisible = True
