0.9126 	WARNING 	We strongly recommend you activate the PTB sound engine in PsychoPy prefs as the preferred audio engine. Its timing is vastly superior. Your prefs are currently set to use ['sounddevice', 'PTB', 'pyo', 'pygame'] (in that order).
4.5078 	WARNING 	User requested fullscreen with size [2560 1440], but screen is actually [1512, 982]. Using actual size
5.6003 	WARNING 	Couldn't measure a consistent frame rate!
  - Is your graphics card set to sync to vertical blank?
  - Are you running other processes on your computer?

5.6009 	EXP 	Created window1 = Window(allowGUI=False, allowStencil=False, autoLog=True, backendConf=UNKNOWN, bitsMode=UNKNOWN, blendMode='avg', bpc=(8, 8, 8), color=array([0, 0, 0]), colorSpace='rgb', depthBits=8, fullscr=<method-wrapper '__getattribute__' of attributeSetter object at 0x7fa09ac20c40>, gamma=None, gammaErrorPolicy='raise', lms=UNKNOWN, monitor=<psychopy.monitors.calibTools.Monitor object at 0x7fa059e84f10>, multiSample=False, name='window1', numSamples=2, pos=[378.0, 245.5], screen=0, size=array([3024, 1964]), stencilBits=0, stereo=False, units='height', useFBO=True, useRetina=True, viewOri=0.0, viewPos=None, viewScale=None, waitBlanking=True, winType='pyglet')
5.6011 	EXP 	window1: mouseVisible = True
5.6012 	EXP 	window1: Attempting to measure frame rate of screen (0) ...
5.6012 	EXP 	window1: recordFrameIntervals = False
5.6868 	EXP 	window1: recordFrameIntervals = True
6.5250 	WARNING 	Couldn't measure a consistent frame rate!
  - Is your graphics card set to sync to vertical blank?
  - Are you running other processes on your computer?

7.1891 	EXP 	Created text_10 = TextStim(__class__=<class 'psychopy.visual.text.TextStim'>, alignHoriz=method-wrapper(...), alignText='center', alignVert=method-wrapper(...), anchorHoriz='center', anchorVert='center', antialias=True, autoDraw=False, autoLog=True, bold=False, color=array([1, 1, 1]), colorSpace='rgb', contrast=1.0, depth=-1.0, flipHoriz=False, flipVert=False, font='Open Sans', fontFiles=[], height=0.026, italic=False, languageStyle='LTR', name='text_10', opacity=1.0, ori=0, pos=array([0.  , 0.05]), rgb=UNKNOWN, text='', units='height', win=Window(...), wrapWidth=0.56)
7.1954 	EXP 	Created image_9 = ImageStim(__class__=<class 'psychopy.visual.image.ImageStim'>, anchor=('center', 'center'), autoLog=True, color=array([1, 1, 1]), colorSpace='rgb', contrast=1.0, depth=-2.0, flipHoriz=False, flipVert=False, image='sin', interpolate=True, mask=None, maskParams=None, name='image_9', opacity=1.0, ori=0.0, pos=array([-0.1, -0.2]), size=array([0.1, 0.1]), texRes=128, units='height', win=Window(...))
7.1985 	EXP 	Created image_10 = ImageStim(__class__=<class 'psychopy.visual.image.ImageStim'>, anchor=('center', 'center'), autoLog=True, color=array([1, 1, 1]), colorSpace='rgb', contrast=1.0, depth=-3.0, flipHoriz=False, flipVert=False, image='sin', interpolate=True, mask=None, maskParams=None, name='image_10', opacity=1.0, ori=0.0, pos=array([-0.034, -0.2  ]), size=array([0.1, 0.1]), texRes=128, units='height', win=Window(...))
7.2012 	EXP 	Created image_11 = ImageStim(__class__=<class 'psychopy.visual.image.ImageStim'>, anchor=('center', 'center'), autoLog=True, color=array([1, 1, 1]), colorSpace='rgb', contrast=1.0, depth=-4.0, flipHoriz=False, flipVert=False, image='sin', interpolate=True, mask=None, maskParams=None, name='image_11', opacity=1.0, ori=0.0, pos=array([ 0.034, -0.2  ]), size=array([0.1, 0.1]), texRes=128, units='height', win=Window(...))
7.2041 	EXP 	Created image_12 = ImageStim(__class__=<class 'psychopy.visual.image.ImageStim'>, anchor=('center', 'center'), autoLog=True, color=array([1, 1, 1]), colorSpace='rgb', contrast=1.0, depth=-5.0, flipHoriz=False, flipVert=False, image='sin', interpolate=True, mask=None, maskParams=None, name='image_12', opacity=1.0, ori=0.0, pos=array([ 0.1, -0.2]), size=array([0.1, 0.1]), texRes=128, units='height', win=Window(...))
7.2987 	EXP 	Created text = TextStim(__class__=<class 'psychopy.visual.text.TextStim'>, alignHoriz=method-wrapper(...), alignText='center', alignVert=method-wrapper(...), anchorHoriz='center', anchorVert='center', antialias=True, autoDraw=False, autoLog=True, bold=False, color=array([1, 1, 1]), colorSpace='rgb', contrast=1.0, depth=-1.0, flipHoriz=False, flipVert=False, font='Open Sans', fontFiles=[], height=0.026, italic=False, languageStyle='LTR', name='text', opacity=1.0, ori=0, pos=array([0.  , 0.05]), rgb=UNKNOWN, text='', units='height', win=Window(...), wrapWidth=0.56)
7.3029 	EXP 	Created image = ImageStim(__class__=<class 'psychopy.visual.image.ImageStim'>, anchor=('center', 'center'), autoLog=True, color=array([1, 1, 1]), colorSpace='rgb', contrast=1.0, depth=-2.0, flipHoriz=False, flipVert=False, image='sin', interpolate=True, mask=None, maskParams=None, name='image', opacity=1.0, ori=0.0, pos=array([-0.1, -0.1]), size=array([0.1, 0.1]), texRes=128, units='height', win=Window(...))
7.3056 	EXP 	Created image_2 = ImageStim(__class__=<class 'psychopy.visual.image.ImageStim'>, anchor=('center', 'center'), autoLog=True, color=array([1, 1, 1]), colorSpace='rgb', contrast=1.0, depth=-3.0, flipHoriz=False, flipVert=False, image='sin', interpolate=True, mask=None, maskParams=None, name='image_2', opacity=1.0, ori=0.0, pos=array([-0.034, -0.1  ]), size=array([0.1, 0.1]), texRes=128, units='height', win=Window(...))
7.3083 	EXP 	Created image_3 = ImageStim(__class__=<class 'psychopy.visual.image.ImageStim'>, anchor=('center', 'center'), autoLog=True, color=array([1, 1, 1]), colorSpace='rgb', contrast=1.0, depth=-4.0, flipHoriz=False, flipVert=False, image='sin', interpolate=True, mask=None, maskParams=None, name='image_3', opacity=1.0, ori=0.0, pos=array([ 0.034, -0.1  ]), size=array([0.1, 0.1]), texRes=128, units='height', win=Window(...))
7.3112 	EXP 	Created image_4 = ImageStim(__class__=<class 'psychopy.visual.image.ImageStim'>, anchor=('center', 'center'), autoLog=True, color=array([1, 1, 1]), colorSpace='rgb', contrast=1.0, depth=-5.0, flipHoriz=False, flipVert=False, image='sin', interpolate=True, mask=None, maskParams=None, name='image_4', opacity=1.0, ori=0.0, pos=array([ 0.1, -0.1]), size=array([0.1, 0.1]), texRes=128, units='height', win=Window(...))
7.6311 	EXP 	Created green_frame = ImageStim(__class__=<class 'psychopy.visual.image.ImageStim'>, anchor=('center', 'center'), autoLog=True, color=array([1, 1, 1]), colorSpace='rgb', contrast=1.0, depth=-7.0, flipHoriz=False, flipVert=False, image='outline.png', interpolate=True, mask=None, maskParams=None, name='green_frame', opacity=1.0, ori=0.0, pos=array([0., 0.]), size=array([1.7778, 1.    ]), texRes=128, units='height', win=Window(...))
7.6346 	EXP 	Created cross_fixation = ShapeStim(__class__=<class 'psychopy.visual.shape.ShapeStim'>, anchor=('center', 'center'), autoDraw=False, autoLog=True, closeShape=True, color=method-wrapper(...), colorSpace='rgb', contrast=None, depth=-1.0, fillColor=array([-1, -1, -1]), fillColorSpace='rgb', fillRGB=array([-1, -1, -1]), interpolate=True, lineColor=array([-1, -1, -1]), lineColorSpace='rgb', lineRGB=array([-1, -1, -1]), lineWidth=1, name='cross_fixation', opacity=1.0, ori=0.0, pos=array([0., 0.]), size=array([0.015, 0.015]), units='height', vertices=ndarray(...), win=Window(...), windingRule=None)
7.7300 	EXP 	Created cross_stim2 = ShapeStim(__class__=<class 'psychopy.visual.shape.ShapeStim'>, anchor=('center', 'center'), autoDraw=False, autoLog=True, closeShape=True, color=method-wrapper(...), colorSpace='rgb', contrast=None, depth=-1.0, fillColor=array([-1, -1, -1]), fillColorSpace='rgb', fillRGB=array([-1, -1, -1]), interpolate=True, lineColor=array([-1, -1, -1]), lineColorSpace='rgb', lineRGB=array([-1, -1, -1]), lineWidth=1, name='cross_stim2', opacity=1.0, ori=0.0, pos=array([0., 0.]), size=array([0.015, 0.015]), units='height', vertices=ndarray(...), win=Window(...), windingRule=None)
7.7353 	EXP 	Created symbol_left = ImageStim(__class__=<class 'psychopy.visual.image.ImageStim'>, anchor=('center', 'center'), autoLog=True, color=array([1, 1, 1]), colorSpace='rgb', contrast=1.0, depth=-2.0, flipHoriz=False, flipVert=False, image='sin', interpolate=True, mask=None, maskParams=None, name='symbol_left', opacity=1.0, ori=0.0, pos=array([-0.06,  0.  ]), size=array([0.15, 0.15]), texRes=128, units='height', win=Window(...))
7.7381 	EXP 	Created symbol_right = ImageStim(__class__=<class 'psychopy.visual.image.ImageStim'>, anchor=('center', 'center'), autoLog=True, color=array([1, 1, 1]), colorSpace='rgb', contrast=1.0, depth=-3.0, flipHoriz=False, flipVert=False, image='sin', interpolate=True, mask=None, maskParams=None, name='symbol_right', opacity=1.0, ori=0.0, pos=array([0.06, 0.  ]), size=array([0.15, 0.15]), texRes=128, units='height', win=Window(...))
7.8343 	EXP 	Created cross_sel = ShapeStim(__class__=<class 'psychopy.visual.shape.ShapeStim'>, anchor=('center', 'center'), autoDraw=False, autoLog=True, closeShape=True, color=method-wrapper(...), colorSpace='rgb', contrast=None, depth=-1.0, fillColor=array([-1, -1, -1]), fillColorSpace='rgb', fillRGB=array([-1, -1, -1]), interpolate=True, lineColor=array([-1, -1, -1]), lineColorSpace='rgb', lineRGB=array([-1, -1, -1]), lineWidth=1, name='cross_sel', opacity=1.0, ori=0.0, pos=array([0., 0.]), size=array([0.015, 0.015]), units='height', vertices=ndarray(...), win=Window(...), windingRule=None)
7.8380 	EXP 	Created s_left_3 = ImageStim(__class__=<class 'psychopy.visual.image.ImageStim'>, anchor=('center', 'center'), autoLog=True, color=array([1, 1, 1]), colorSpace='rgb', contrast=1.0, depth=-2.0, flipHoriz=False, flipVert=False, image='sin', interpolate=True, mask=None, maskParams=None, name='s_left_3', opacity=1.0, ori=0.0, pos=array([-0.06,  0.  ]), size=array([0.15, 0.15]), texRes=128, units='height', win=Window(...))
7.8415 	EXP 	Created s_right_3 = ImageStim(__class__=<class 'psychopy.visual.image.ImageStim'>, anchor=('center', 'center'), autoLog=True, color=array([1, 1, 1]), colorSpace='rgb', contrast=1.0, depth=-3.0, flipHoriz=False, flipVert=False, image='sin', interpolate=True, mask=None, maskParams=None, name='s_right_3', opacity=1.0, ori=0.0, pos=array([0.06, 0.  ]), size=array([0.15, 0.15]), texRes=128, units='height', win=Window(...))
7.8446 	EXP 	Created s_if_left_3 = ImageStim(__class__=<class 'psychopy.visual.image.ImageStim'>, anchor=('center', 'center'), autoLog=True, color=array([1, 1, 1]), colorSpace='rgb', contrast=1.0, depth=-4.0, flipHoriz=False, flipVert=False, image='sin', interpolate=True, mask=None, maskParams=None, name='s_if_left_3', opacity=1.0, ori=0.0, pos=array([-0.06,  0.  ]), size=array([0.15, 0.15]), texRes=128, units='height', win=Window(...))
7.8472 	EXP 	Created s_if_right_3 = ImageStim(__class__=<class 'psychopy.visual.image.ImageStim'>, anchor=('center', 'center'), autoLog=True, color=array([1, 1, 1]), colorSpace='rgb', contrast=1.0, depth=-5.0, flipHoriz=False, flipVert=False, image='sin', interpolate=True, mask=None, maskParams=None, name='s_if_right_3', opacity=1.0, ori=0.0, pos=array([0.06, 0.  ]), size=array([0.15, 0.15]), texRes=128, units='height', win=Window(...))
7.8483 	EXP 	Created cross_feed = ShapeStim(__class__=<class 'psychopy.visual.shape.ShapeStim'>, anchor=('center', 'center'), autoDraw=False, autoLog=True, closeShape=True, color=method-wrapper(...), colorSpace='rgb', contrast=None, depth=-1.0, fillColor=array([-1, -1, -1]), fillColorSpace='rgb', fillRGB=array([-1, -1, -1]), interpolate=True, lineColor=array([-1, -1, -1]), lineColorSpace='rgb', lineRGB=array([-1, -1, -1]), lineWidth=1, name='cross_feed', opacity=1.0, ori=0.0, pos=array([0., 0.]), size=array([0.015, 0.015]), units='height', vertices=ndarray(...), win=Window(...), windingRule=None)
7.8514 	EXP 	Created s_left = ImageStim(__class__=<class 'psychopy.visual.image.ImageStim'>, anchor=('center', 'center'), autoLog=True, color=array([1, 1, 1]), colorSpace='rgb', contrast=1.0, depth=-2.0, flipHoriz=False, flipVert=False, image='sin', interpolate=True, mask=None, maskParams=None, name='s_left', opacity=1.0, ori=0.0, pos=array([-0.06,  0.  ]), size=array([0.15, 0.15]), texRes=128, units='height', win=Window(...))
7.8540 	EXP 	Created s_right = ImageStim(__class__=<class 'psychopy.visual.image.ImageStim'>, anchor=('center', 'center'), autoLog=True, color=array([1, 1, 1]), colorSpace='rgb', contrast=1.0, depth=-3.0, flipHoriz=False, flipVert=False, image='sin', interpolate=True, mask=None, maskParams=None, name='s_right', opacity=1.0, ori=0.0, pos=array([0.06, 0.  ]), size=array([0.15, 0.15]), texRes=128, units='height', win=Window(...))
7.8570 	EXP 	Created s_if_left = ImageStim(__class__=<class 'psychopy.visual.image.ImageStim'>, anchor=('center', 'center'), autoLog=True, color=array([1, 1, 1]), colorSpace='rgb', contrast=1.0, depth=-4.0, flipHoriz=False, flipVert=False, image='sin', interpolate=True, mask=None, maskParams=None, name='s_if_left', opacity=1.0, ori=0.0, pos=array([-0.06,  0.  ]), size=array([0.15, 0.15]), texRes=128, units='height', win=Window(...))
7.8596 	EXP 	Created s_if_right = ImageStim(__class__=<class 'psychopy.visual.image.ImageStim'>, anchor=('center', 'center'), autoLog=True, color=array([1, 1, 1]), colorSpace='rgb', contrast=1.0, depth=-5.0, flipHoriz=False, flipVert=False, image='sin', interpolate=True, mask=None, maskParams=None, name='s_if_right', opacity=1.0, ori=0.0, pos=array([0.06, 0.  ]), size=array([0.15, 0.15]), texRes=128, units='height', win=Window(...))
7.8625 	EXP 	Created text_2 = TextStim(__class__=<class 'psychopy.visual.text.TextStim'>, alignHoriz=method-wrapper(...), alignText='center', alignVert=method-wrapper(...), anchorHoriz='center', anchorVert='center', antialias=True, autoDraw=False, autoLog=True, bold=False, color=array([-1, -1, -1]), colorSpace='rgb', contrast=1.0, depth=-6.0, flipHoriz=False, flipVert=False, font='Arial', fontFiles=[], height=0.03, italic=False, languageStyle='LTR', name='text_2', opacity=1.0, ori=0, pos=array([0., 0.]), rgb=UNKNOWN, text='', units='height', win=Window(...), wrapWidth=1)
7.8630 	EXP 	Created text_5 = TextStim(__class__=<class 'psychopy.visual.text.TextStim'>, alignHoriz=method-wrapper(...), alignText='center', alignVert=method-wrapper(...), anchorHoriz='center', anchorVert='center', antialias=True, autoDraw=False, autoLog=True, bold=False, color=array([1, 1, 1]), colorSpace='rgb', contrast=1.0, depth=-7.0, flipHoriz=False, flipVert=False, font='Open Sans', fontFiles=[], height=0.03, italic=False, languageStyle='LTR', name='text_5', opacity=1.0, ori=0.0, pos=array([ 0. , -0.8]), rgb=UNKNOWN, text='', units='height', win=Window(...), wrapWidth=1)
7.8641 	EXP 	Created cross_slow = ShapeStim(__class__=<class 'psychopy.visual.shape.ShapeStim'>, anchor=('center', 'center'), autoDraw=False, autoLog=True, closeShape=True, color=method-wrapper(...), colorSpace='rgb', contrast=None, depth=-1.0, fillColor=array([-1, -1, -1]), fillColorSpace='rgb', fillRGB=array([-1, -1, -1]), interpolate=True, lineColor=array([-1, -1, -1]), lineColorSpace='rgb', lineRGB=array([-1, -1, -1]), lineWidth=1, name='cross_slow', opacity=1.0, ori=0.0, pos=array([0., 0.]), size=array([0.015, 0.015]), units='height', vertices=ndarray(...), win=Window(...), windingRule=None)
7.8672 	EXP 	Created s_left_2 = ImageStim(__class__=<class 'psychopy.visual.image.ImageStim'>, anchor=('center', 'center'), autoLog=True, color=array([1, 1, 1]), colorSpace='rgb', contrast=1.0, depth=-2.0, flipHoriz=False, flipVert=False, image='sin', interpolate=True, mask=None, maskParams=None, name='s_left_2', opacity=1.0, ori=0.0, pos=array([-0.06,  0.  ]), size=array([0.15, 0.15]), texRes=128, units='height', win=Window(...))
7.8699 	EXP 	Created s_right_2 = ImageStim(__class__=<class 'psychopy.visual.image.ImageStim'>, anchor=('center', 'center'), autoLog=True, color=array([1, 1, 1]), colorSpace='rgb', contrast=1.0, depth=-3.0, flipHoriz=False, flipVert=False, image='sin', interpolate=True, mask=None, maskParams=None, name='s_right_2', opacity=1.0, ori=0.0, pos=array([0.06, 0.  ]), size=array([0.15, 0.15]), texRes=128, units='height', win=Window(...))
7.8704 	EXP 	Created text_3 = TextStim(__class__=<class 'psychopy.visual.text.TextStim'>, alignHoriz=method-wrapper(...), alignText='center', alignVert=method-wrapper(...), anchorHoriz='center', anchorVert='center', antialias=True, autoDraw=False, autoLog=True, bold=False, color=array([1, 1, 1]), colorSpace='rgb', contrast=1.0, depth=-4.0, flipHoriz=False, flipVert=False, font='Arial', fontFiles=[], height=0.02, italic=False, languageStyle='LTR', name='text_3', opacity=1.0, ori=0, pos=array([ 0.  , -0.08]), rgb=UNKNOWN, text='', units='height', win=Window(...), wrapWidth=1)
7.8709 	EXP 	Created text_6 = TextStim(__class__=<class 'psychopy.visual.text.TextStim'>, alignHoriz=method-wrapper(...), alignText='center', alignVert=method-wrapper(...), anchorHoriz='center', anchorVert='center', antialias=True, autoDraw=False, autoLog=True, bold=False, color=array([1, 1, 1]), colorSpace='rgb', contrast=1.0, depth=-1.0, flipHoriz=False, flipVert=False, font='Arial', fontFiles=[], height=0.026, italic=False, languageStyle='LTR', name='text_6', opacity=1.0, ori=0, pos=array([0., 0.]), rgb=UNKNOWN, text='', units='height', win=Window(...), wrapWidth=1)
7.8957 	EXP 	Created text_9 = TextStim(__class__=<class 'psychopy.visual.text.TextStim'>, alignHoriz=method-wrapper(...), alignText='center', alignVert=method-wrapper(...), anchorHoriz='center', anchorVert='center', antialias=True, autoDraw=False, autoLog=True, bold=False, color=array([1, 1, 1]), colorSpace='rgb', contrast=1.0, depth=0.0, flipHoriz=False, flipVert=False, font='Open Sans', fontFiles=[], height=0.026, italic=False, languageStyle='LTR', name='text_9', opacity=1.0, ori=0.0, pos=array([0., 0.]), rgb=UNKNOWN, text=str(...), units='height', win=Window(...), wrapWidth=1)
7.9070 	EXP 	Imported prep_stim_info.csv as conditions, 80 conditions, 16 params
7.9076 	EXP 	Created sequence: sequential, trialTypes=80, nReps=1, seed=None
7.9079 	EXP 	New trial (rep=0, index=0): OrderedDict([('left', 'g_4.png'), ('right', 'b_4.png'), ('left_selected', 'g_4_d.png'), ('right_selected', 'b_4_d.png'), ('right_rew_dbl', 32), ('left_rew_dbl', 69), ('stim1', 1), ('stim2', 3), ('trigger_integer', 13), ('block', 4), ('trial_n', 1), ('trial_id', 541), ('right_rew', '3 2'), ('left_rew', '6 9'), ('typeOfChoice', 2), ('correct', 0.0)])
7.9994 	WARNING 	t of last frame was 1474.60ms (=1/0)
7.9994 	EXP 	text_10: height = 0.026
7.9994 	EXP 	text_10: height = 0.026
7.9994 	EXP 	text_10: height = 0.026
7.9994 	EXP 	text_10: text = "In this practice block, you will choose between pairs of slot machines (shown below) that give you variable points. To win the game you should select the slot machines strategically so that by the end of the block you have as many points as possible. Select the left or right slot machine by using the left or right keys on the keyboard. You have 2 seconds to make your choice. \n Now we will do a short practice. Press the left or right key to start whenever you're ready."
7.9994 	EXP 	image_9: image = 'b_4.png'
7.9994 	EXP 	image_10: image = 'g_4.png'
7.9994 	EXP 	image_11: image = 'p_4.png'
7.9994 	EXP 	image_12: image = 'y_4.png'
7.9994 	EXP 	text_10: autoDraw = True
7.9994 	EXP 	image_9: autoDraw = True
7.9994 	EXP 	image_10: autoDraw = True
7.9994 	EXP 	image_11: autoDraw = True
7.9994 	EXP 	image_12: autoDraw = True
39.0686 	DATA 	Keypress: escape
39.0721 	WARNING 	t of last frame was 23.20ms (=1/43)
39.1591 	EXP 	window1: mouseVisible = True
