0.9688 	WARNING 	We strongly recommend you activate the PTB sound engine in PsychoPy prefs as the preferred audio engine. Its timing is vastly superior. Your prefs are currently set to use ['sounddevice', 'PTB', 'pyo', 'pygame'] (in that order).
4.2288 	WARNING 	User requested fullscreen with size [2560 1440], but screen is actually [1512, 982]. Using actual size
5.3264 	WARNING 	Couldn't measure a consistent frame rate!
  - Is your graphics card set to sync to vertical blank?
  - Are you running other processes on your computer?

5.3270 	EXP 	Created window1 = Window(allowGUI=False, allowStencil=False, autoLog=True, backendConf=UNKNOWN, bitsMode=UNKNOWN, blendMode='avg', bpc=(8, 8, 8), color=array([0, 0, 0]), colorSpace='rgb', depthBits=8, fullscr=<method-wrapper '__getattribute__' of attributeSetter object at 0x7fafba3add60>, gamma=None, gammaErrorPolicy='raise', lms=UNKNOWN, monitor=<psychopy.monitors.calibTools.Monitor object at 0x7faf3ce99fa0>, multiSample=False, name='window1', numSamples=2, pos=[378.0, 245.5], screen=0, size=array([3024, 1964]), stencilBits=0, stereo=False, units='height', useFBO=True, useRetina=True, viewOri=0.0, viewPos=None, viewScale=None, waitBlanking=True, winType='pyglet')
5.3272 	EXP 	window1: mouseVisible = True
5.3273 	EXP 	window1: Attempting to measure frame rate of screen (0) ...
5.3274 	EXP 	window1: recordFrameIntervals = False
5.4168 	EXP 	window1: recordFrameIntervals = True
6.2499 	WARNING 	Couldn't measure a consistent frame rate!
  - Is your graphics card set to sync to vertical blank?
  - Are you running other processes on your computer?

6.9157 	EXP 	Created text_10 = TextStim(__class__=<class 'psychopy.visual.text.TextStim'>, alignHoriz=method-wrapper(...), alignText='center', alignVert=method-wrapper(...), anchorHoriz='center', anchorVert='center', antialias=True, autoDraw=False, autoLog=True, bold=False, color=array([1, 1, 1]), colorSpace='rgb', contrast=1.0, depth=-1.0, flipHoriz=False, flipVert=False, font='Open Sans', fontFiles=[], height=0.026, italic=False, languageStyle='LTR', name='text_10', opacity=1.0, ori=0, pos=array([0.  , 0.05]), rgb=UNKNOWN, text='', units='height', win=Window(...), wrapWidth=0.56)
6.9219 	EXP 	Created image_9 = ImageStim(__class__=<class 'psychopy.visual.image.ImageStim'>, anchor=('center', 'center'), autoLog=True, color=array([1, 1, 1]), colorSpace='rgb', contrast=1.0, depth=-2.0, flipHoriz=False, flipVert=False, image='sin', interpolate=True, mask=None, maskParams=None, name='image_9', opacity=1.0, ori=0.0, pos=array([-0.1, -0.2]), size=array([0.1, 0.1]), texRes=128, units='height', win=Window(...))
6.9250 	EXP 	Created image_10 = ImageStim(__class__=<class 'psychopy.visual.image.ImageStim'>, anchor=('center', 'center'), autoLog=True, color=array([1, 1, 1]), colorSpace='rgb', contrast=1.0, depth=-3.0, flipHoriz=False, flipVert=False, image='sin', interpolate=True, mask=None, maskParams=None, name='image_10', opacity=1.0, ori=0.0, pos=array([-0.034, -0.2  ]), size=array([0.1, 0.1]), texRes=128, units='height', win=Window(...))
6.9277 	EXP 	Created image_11 = ImageStim(__class__=<class 'psychopy.visual.image.ImageStim'>, anchor=('center', 'center'), autoLog=True, color=array([1, 1, 1]), colorSpace='rgb', contrast=1.0, depth=-4.0, flipHoriz=False, flipVert=False, image='sin', interpolate=True, mask=None, maskParams=None, name='image_11', opacity=1.0, ori=0.0, pos=array([ 0.034, -0.2  ]), size=array([0.1, 0.1]), texRes=128, units='height', win=Window(...))
6.9307 	EXP 	Created image_12 = ImageStim(__class__=<class 'psychopy.visual.image.ImageStim'>, anchor=('center', 'center'), autoLog=True, color=array([1, 1, 1]), colorSpace='rgb', contrast=1.0, depth=-5.0, flipHoriz=False, flipVert=False, image='sin', interpolate=True, mask=None, maskParams=None, name='image_12', opacity=1.0, ori=0.0, pos=array([ 0.1, -0.2]), size=array([0.1, 0.1]), texRes=128, units='height', win=Window(...))
7.0256 	EXP 	Created text = TextStim(__class__=<class 'psychopy.visual.text.TextStim'>, alignHoriz=method-wrapper(...), alignText='center', alignVert=method-wrapper(...), anchorHoriz='center', anchorVert='center', antialias=True, autoDraw=False, autoLog=True, bold=False, color=array([1, 1, 1]), colorSpace='rgb', contrast=1.0, depth=-1.0, flipHoriz=False, flipVert=False, font='Open Sans', fontFiles=[], height=0.026, italic=False, languageStyle='LTR', name='text', opacity=1.0, ori=0, pos=array([0.  , 0.05]), rgb=UNKNOWN, text='', units='height', win=Window(...), wrapWidth=0.56)
7.0291 	EXP 	Created image = ImageStim(__class__=<class 'psychopy.visual.image.ImageStim'>, anchor=('center', 'center'), autoLog=True, color=array([1, 1, 1]), colorSpace='rgb', contrast=1.0, depth=-2.0, flipHoriz=False, flipVert=False, image='sin', interpolate=True, mask=None, maskParams=None, name='image', opacity=1.0, ori=0.0, pos=array([-0.1, -0.1]), size=array([0.1, 0.1]), texRes=128, units='height', win=Window(...))
7.0318 	EXP 	Created image_2 = ImageStim(__class__=<class 'psychopy.visual.image.ImageStim'>, anchor=('center', 'center'), autoLog=True, color=array([1, 1, 1]), colorSpace='rgb', contrast=1.0, depth=-3.0, flipHoriz=False, flipVert=False, image='sin', interpolate=True, mask=None, maskParams=None, name='image_2', opacity=1.0, ori=0.0, pos=array([-0.034, -0.1  ]), size=array([0.1, 0.1]), texRes=128, units='height', win=Window(...))
7.0346 	EXP 	Created image_3 = ImageStim(__class__=<class 'psychopy.visual.image.ImageStim'>, anchor=('center', 'center'), autoLog=True, color=array([1, 1, 1]), colorSpace='rgb', contrast=1.0, depth=-4.0, flipHoriz=False, flipVert=False, image='sin', interpolate=True, mask=None, maskParams=None, name='image_3', opacity=1.0, ori=0.0, pos=array([ 0.034, -0.1  ]), size=array([0.1, 0.1]), texRes=128, units='height', win=Window(...))
7.0376 	EXP 	Created image_4 = ImageStim(__class__=<class 'psychopy.visual.image.ImageStim'>, anchor=('center', 'center'), autoLog=True, color=array([1, 1, 1]), colorSpace='rgb', contrast=1.0, depth=-5.0, flipHoriz=False, flipVert=False, image='sin', interpolate=True, mask=None, maskParams=None, name='image_4', opacity=1.0, ori=0.0, pos=array([ 0.1, -0.1]), size=array([0.1, 0.1]), texRes=128, units='height', win=Window(...))
7.3481 	EXP 	Created green_frame = ImageStim(__class__=<class 'psychopy.visual.image.ImageStim'>, anchor=('center', 'center'), autoLog=True, color=array([1, 1, 1]), colorSpace='rgb', contrast=1.0, depth=-7.0, flipHoriz=False, flipVert=False, image='outline.png', interpolate=True, mask=None, maskParams=None, name='green_frame', opacity=1.0, ori=0.0, pos=array([0., 0.]), size=array([1.7778, 1.    ]), texRes=128, units='height', win=Window(...))
7.3516 	EXP 	Created cross_fixation = ShapeStim(__class__=<class 'psychopy.visual.shape.ShapeStim'>, anchor=('center', 'center'), autoDraw=False, autoLog=True, closeShape=True, color=method-wrapper(...), colorSpace='rgb', contrast=None, depth=-1.0, fillColor=array([-1, -1, -1]), fillColorSpace='rgb', fillRGB=array([-1, -1, -1]), interpolate=True, lineColor=array([-1, -1, -1]), lineColorSpace='rgb', lineRGB=array([-1, -1, -1]), lineWidth=1, name='cross_fixation', opacity=1.0, ori=0.0, pos=array([0., 0.]), size=array([0.015, 0.015]), units='height', vertices=ndarray(...), win=Window(...), windingRule=None)
7.4483 	EXP 	Created cross_stim2 = ShapeStim(__class__=<class 'psychopy.visual.shape.ShapeStim'>, anchor=('center', 'center'), autoDraw=False, autoLog=True, closeShape=True, color=method-wrapper(...), colorSpace='rgb', contrast=None, depth=-1.0, fillColor=array([-1, -1, -1]), fillColorSpace='rgb', fillRGB=array([-1, -1, -1]), interpolate=True, lineColor=array([-1, -1, -1]), lineColorSpace='rgb', lineRGB=array([-1, -1, -1]), lineWidth=1, name='cross_stim2', opacity=1.0, ori=0.0, pos=array([0., 0.]), size=array([0.015, 0.015]), units='height', vertices=ndarray(...), win=Window(...), windingRule=None)
7.4535 	EXP 	Created symbol_left = ImageStim(__class__=<class 'psychopy.visual.image.ImageStim'>, anchor=('center', 'center'), autoLog=True, color=array([1, 1, 1]), colorSpace='rgb', contrast=1.0, depth=-2.0, flipHoriz=False, flipVert=False, image='sin', interpolate=True, mask=None, maskParams=None, name='symbol_left', opacity=1.0, ori=0.0, pos=array([-0.06,  0.  ]), size=array([0.15, 0.15]), texRes=128, units='height', win=Window(...))
7.4563 	EXP 	Created symbol_right = ImageStim(__class__=<class 'psychopy.visual.image.ImageStim'>, anchor=('center', 'center'), autoLog=True, color=array([1, 1, 1]), colorSpace='rgb', contrast=1.0, depth=-3.0, flipHoriz=False, flipVert=False, image='sin', interpolate=True, mask=None, maskParams=None, name='symbol_right', opacity=1.0, ori=0.0, pos=array([0.06, 0.  ]), size=array([0.15, 0.15]), texRes=128, units='height', win=Window(...))
7.5520 	EXP 	Created cross_sel = ShapeStim(__class__=<class 'psychopy.visual.shape.ShapeStim'>, anchor=('center', 'center'), autoDraw=False, autoLog=True, closeShape=True, color=method-wrapper(...), colorSpace='rgb', contrast=None, depth=-1.0, fillColor=array([-1, -1, -1]), fillColorSpace='rgb', fillRGB=array([-1, -1, -1]), interpolate=True, lineColor=array([-1, -1, -1]), lineColorSpace='rgb', lineRGB=array([-1, -1, -1]), lineWidth=1, name='cross_sel', opacity=1.0, ori=0.0, pos=array([0., 0.]), size=array([0.015, 0.015]), units='height', vertices=ndarray(...), win=Window(...), windingRule=None)
7.5561 	EXP 	Created s_left_3 = ImageStim(__class__=<class 'psychopy.visual.image.ImageStim'>, anchor=('center', 'center'), autoLog=True, color=array([1, 1, 1]), colorSpace='rgb', contrast=1.0, depth=-2.0, flipHoriz=False, flipVert=False, image='sin', interpolate=True, mask=None, maskParams=None, name='s_left_3', opacity=1.0, ori=0.0, pos=array([-0.06,  0.  ]), size=array([0.15, 0.15]), texRes=128, units='height', win=Window(...))
7.5608 	EXP 	Created s_right_3 = ImageStim(__class__=<class 'psychopy.visual.image.ImageStim'>, anchor=('center', 'center'), autoLog=True, color=array([1, 1, 1]), colorSpace='rgb', contrast=1.0, depth=-3.0, flipHoriz=False, flipVert=False, image='sin', interpolate=True, mask=None, maskParams=None, name='s_right_3', opacity=1.0, ori=0.0, pos=array([0.06, 0.  ]), size=array([0.15, 0.15]), texRes=128, units='height', win=Window(...))
7.5639 	EXP 	Created s_if_left_3 = ImageStim(__class__=<class 'psychopy.visual.image.ImageStim'>, anchor=('center', 'center'), autoLog=True, color=array([1, 1, 1]), colorSpace='rgb', contrast=1.0, depth=-4.0, flipHoriz=False, flipVert=False, image='sin', interpolate=True, mask=None, maskParams=None, name='s_if_left_3', opacity=1.0, ori=0.0, pos=array([-0.06,  0.  ]), size=array([0.15, 0.15]), texRes=128, units='height', win=Window(...))
7.5665 	EXP 	Created s_if_right_3 = ImageStim(__class__=<class 'psychopy.visual.image.ImageStim'>, anchor=('center', 'center'), autoLog=True, color=array([1, 1, 1]), colorSpace='rgb', contrast=1.0, depth=-5.0, flipHoriz=False, flipVert=False, image='sin', interpolate=True, mask=None, maskParams=None, name='s_if_right_3', opacity=1.0, ori=0.0, pos=array([0.06, 0.  ]), size=array([0.15, 0.15]), texRes=128, units='height', win=Window(...))
7.5676 	EXP 	Created cross_feed = ShapeStim(__class__=<class 'psychopy.visual.shape.ShapeStim'>, anchor=('center', 'center'), autoDraw=False, autoLog=True, closeShape=True, color=method-wrapper(...), colorSpace='rgb', contrast=None, depth=-1.0, fillColor=array([-1, -1, -1]), fillColorSpace='rgb', fillRGB=array([-1, -1, -1]), interpolate=True, lineColor=array([-1, -1, -1]), lineColorSpace='rgb', lineRGB=array([-1, -1, -1]), lineWidth=1, name='cross_feed', opacity=1.0, ori=0.0, pos=array([0., 0.]), size=array([0.015, 0.015]), units='height', vertices=ndarray(...), win=Window(...), windingRule=None)
7.5706 	EXP 	Created s_left = ImageStim(__class__=<class 'psychopy.visual.image.ImageStim'>, anchor=('center', 'center'), autoLog=True, color=array([1, 1, 1]), colorSpace='rgb', contrast=1.0, depth=-2.0, flipHoriz=False, flipVert=False, image='sin', interpolate=True, mask=None, maskParams=None, name='s_left', opacity=1.0, ori=0.0, pos=array([-0.06,  0.  ]), size=array([0.15, 0.15]), texRes=128, units='height', win=Window(...))
7.5733 	EXP 	Created s_right = ImageStim(__class__=<class 'psychopy.visual.image.ImageStim'>, anchor=('center', 'center'), autoLog=True, color=array([1, 1, 1]), colorSpace='rgb', contrast=1.0, depth=-3.0, flipHoriz=False, flipVert=False, image='sin', interpolate=True, mask=None, maskParams=None, name='s_right', opacity=1.0, ori=0.0, pos=array([0.06, 0.  ]), size=array([0.15, 0.15]), texRes=128, units='height', win=Window(...))
7.5761 	EXP 	Created s_if_left = ImageStim(__class__=<class 'psychopy.visual.image.ImageStim'>, anchor=('center', 'center'), autoLog=True, color=array([1, 1, 1]), colorSpace='rgb', contrast=1.0, depth=-4.0, flipHoriz=False, flipVert=False, image='sin', interpolate=True, mask=None, maskParams=None, name='s_if_left', opacity=1.0, ori=0.0, pos=array([-0.06,  0.  ]), size=array([0.15, 0.15]), texRes=128, units='height', win=Window(...))
7.5791 	EXP 	Created s_if_right = ImageStim(__class__=<class 'psychopy.visual.image.ImageStim'>, anchor=('center', 'center'), autoLog=True, color=array([1, 1, 1]), colorSpace='rgb', contrast=1.0, depth=-5.0, flipHoriz=False, flipVert=False, image='sin', interpolate=True, mask=None, maskParams=None, name='s_if_right', opacity=1.0, ori=0.0, pos=array([0.06, 0.  ]), size=array([0.15, 0.15]), texRes=128, units='height', win=Window(...))
7.5806 	EXP 	Created text_2 = TextStim(__class__=<class 'psychopy.visual.text.TextStim'>, alignHoriz=method-wrapper(...), alignText='center', alignVert=method-wrapper(...), anchorHoriz='center', anchorVert='center', antialias=True, autoDraw=False, autoLog=True, bold=False, color=array([-1, -1, -1]), colorSpace='rgb', contrast=1.0, depth=-6.0, flipHoriz=False, flipVert=False, font='Arial', fontFiles=[], height=0.03, italic=False, languageStyle='LTR', name='text_2', opacity=1.0, ori=0, pos=array([0., 0.]), rgb=UNKNOWN, text='', units='height', win=Window(...), wrapWidth=1)
7.5812 	EXP 	Created text_5 = TextStim(__class__=<class 'psychopy.visual.text.TextStim'>, alignHoriz=method-wrapper(...), alignText='center', alignVert=method-wrapper(...), anchorHoriz='center', anchorVert='center', antialias=True, autoDraw=False, autoLog=True, bold=False, color=array([1, 1, 1]), colorSpace='rgb', contrast=1.0, depth=-7.0, flipHoriz=False, flipVert=False, font='Open Sans', fontFiles=[], height=0.03, italic=False, languageStyle='LTR', name='text_5', opacity=1.0, ori=0.0, pos=array([ 0. , -0.8]), rgb=UNKNOWN, text='', units='height', win=Window(...), wrapWidth=1)
7.5822 	EXP 	Created cross_slow = ShapeStim(__class__=<class 'psychopy.visual.shape.ShapeStim'>, anchor=('center', 'center'), autoDraw=False, autoLog=True, closeShape=True, color=method-wrapper(...), colorSpace='rgb', contrast=None, depth=-1.0, fillColor=array([-1, -1, -1]), fillColorSpace='rgb', fillRGB=array([-1, -1, -1]), interpolate=True, lineColor=array([-1, -1, -1]), lineColorSpace='rgb', lineRGB=array([-1, -1, -1]), lineWidth=1, name='cross_slow', opacity=1.0, ori=0.0, pos=array([0., 0.]), size=array([0.015, 0.015]), units='height', vertices=ndarray(...), win=Window(...), windingRule=None)
7.5854 	EXP 	Created s_left_2 = ImageStim(__class__=<class 'psychopy.visual.image.ImageStim'>, anchor=('center', 'center'), autoLog=True, color=array([1, 1, 1]), colorSpace='rgb', contrast=1.0, depth=-2.0, flipHoriz=False, flipVert=False, image='sin', interpolate=True, mask=None, maskParams=None, name='s_left_2', opacity=1.0, ori=0.0, pos=array([-0.06,  0.  ]), size=array([0.15, 0.15]), texRes=128, units='height', win=Window(...))
7.5880 	EXP 	Created s_right_2 = ImageStim(__class__=<class 'psychopy.visual.image.ImageStim'>, anchor=('center', 'center'), autoLog=True, color=array([1, 1, 1]), colorSpace='rgb', contrast=1.0, depth=-3.0, flipHoriz=False, flipVert=False, image='sin', interpolate=True, mask=None, maskParams=None, name='s_right_2', opacity=1.0, ori=0.0, pos=array([0.06, 0.  ]), size=array([0.15, 0.15]), texRes=128, units='height', win=Window(...))
7.5886 	EXP 	Created text_3 = TextStim(__class__=<class 'psychopy.visual.text.TextStim'>, alignHoriz=method-wrapper(...), alignText='center', alignVert=method-wrapper(...), anchorHoriz='center', anchorVert='center', antialias=True, autoDraw=False, autoLog=True, bold=False, color=array([1, 1, 1]), colorSpace='rgb', contrast=1.0, depth=-4.0, flipHoriz=False, flipVert=False, font='Arial', fontFiles=[], height=0.02, italic=False, languageStyle='LTR', name='text_3', opacity=1.0, ori=0, pos=array([ 0.  , -0.08]), rgb=UNKNOWN, text='', units='height', win=Window(...), wrapWidth=1)
7.5890 	EXP 	Created text_6 = TextStim(__class__=<class 'psychopy.visual.text.TextStim'>, alignHoriz=method-wrapper(...), alignText='center', alignVert=method-wrapper(...), anchorHoriz='center', anchorVert='center', antialias=True, autoDraw=False, autoLog=True, bold=False, color=array([1, 1, 1]), colorSpace='rgb', contrast=1.0, depth=-1.0, flipHoriz=False, flipVert=False, font='Arial', fontFiles=[], height=0.026, italic=False, languageStyle='LTR', name='text_6', opacity=1.0, ori=0, pos=array([0., 0.]), rgb=UNKNOWN, text='', units='height', win=Window(...), wrapWidth=1)
7.6133 	EXP 	Created text_9 = TextStim(__class__=<class 'psychopy.visual.text.TextStim'>, alignHoriz=method-wrapper(...), alignText='center', alignVert=method-wrapper(...), anchorHoriz='center', anchorVert='center', antialias=True, autoDraw=False, autoLog=True, bold=False, color=array([1, 1, 1]), colorSpace='rgb', contrast=1.0, depth=0.0, flipHoriz=False, flipVert=False, font='Open Sans', fontFiles=[], height=0.026, italic=False, languageStyle='LTR', name='text_9', opacity=1.0, ori=0.0, pos=array([0., 0.]), rgb=UNKNOWN, text=str(...), units='height', win=Window(...), wrapWidth=1)
7.6247 	EXP 	Imported prep_stim_info.csv as conditions, 80 conditions, 16 params
7.6253 	EXP 	Created sequence: sequential, trialTypes=80, nReps=1, seed=None
7.6256 	EXP 	New trial (rep=0, index=0): OrderedDict([('left', 'g_4.png'), ('right', 'b_4.png'), ('left_selected', 'g_4_d.png'), ('right_selected', 'b_4_d.png'), ('right_rew_dbl', 32), ('left_rew_dbl', 69), ('stim1', 1), ('stim2', 3), ('trigger_integer', 13), ('block', 4), ('trial_n', 1), ('trial_id', 541), ('right_rew', '3 2'), ('left_rew', '6 9'), ('typeOfChoice', 2), ('correct', 0.0)])
7.7149 	WARNING 	t of last frame was 1465.39ms (=1/0)
7.7149 	EXP 	text_10: height = 0.026
7.7149 	EXP 	text_10: height = 0.026
7.7149 	EXP 	text_10: height = 0.026
7.7149 	EXP 	text_10: text = "In this practice block, you will choose between pairs of slot machines (shown below) that give you variable points. To win the game you should select the slot machines strategically so that by the end of the block you have as many points as possible. Select the left or right slot machine by using the left or right keys on the keyboard. You have 2 seconds to make your choice. \n Now we will do a short practice. Press the left or right key to start whenever you're ready."
7.7149 	EXP 	image_9: image = 'b_4.png'
7.7149 	EXP 	image_10: image = 'g_4.png'
7.7149 	EXP 	image_11: image = 'p_4.png'
7.7149 	EXP 	image_12: image = 'y_4.png'
7.7149 	EXP 	text_10: autoDraw = True
7.7149 	EXP 	image_9: autoDraw = True
7.7149 	EXP 	image_10: autoDraw = True
7.7149 	EXP 	image_11: autoDraw = True
7.7149 	EXP 	image_12: autoDraw = True
9.5842 	DATA 	Keypress: right
9.5912 	WARNING 	t of last frame was 201.47ms (=1/4)
9.5912 	EXP 	text_10: autoDraw = False
9.5912 	EXP 	image_9: autoDraw = False
9.5912 	EXP 	image_10: autoDraw = False
9.5912 	EXP 	image_11: autoDraw = False
9.5912 	EXP 	image_12: autoDraw = False
9.5912 	EXP 	text: height = 0.026
9.5912 	EXP 	text: height = 0.026
9.5912 	EXP 	text: height = 0.026
9.5912 	EXP 	text: text = "Well done! You gained 0 points. There is no perfect number of points but try to always maximise them. \n Press a button to start the main game whenever you're ready."
9.5912 	EXP 	image: image = 'b_4.png'
9.5912 	EXP 	image_2: image = 'g_4.png'
9.5912 	EXP 	image_3: image = 'p_4.png'
9.5912 	EXP 	image_4: image = 'y_4.png'
9.5912 	EXP 	green_frame: texRes = 128
9.5912 	EXP 	text: autoDraw = False
9.5912 	EXP 	image: autoDraw = False
9.5912 	EXP 	image_2: autoDraw = False
9.5912 	EXP 	image_3: autoDraw = False
9.5912 	EXP 	image_4: autoDraw = False
9.5912 	EXP 	green_frame: autoDraw = False
9.5912 	EXP 	cross_fixation: autoDraw = True
9.9635 	WARNING 	t of last frame was 57.56ms (=1/17)
9.9635 	EXP 	cross_fixation: autoDraw = False
9.9635 	EXP 	cross_fixation: autoDraw = False
9.9635 	EXP 	symbol_left: image = 'g_4.png'
9.9635 	EXP 	symbol_right: image = 'b_4.png'
9.9635 	EXP 	cross_stim2: autoDraw = True
9.9635 	EXP 	symbol_left: autoDraw = True
9.9635 	EXP 	symbol_right: autoDraw = True
11.1488 	WARNING 	t of last frame was 197.99ms (=1/5)
11.1488 	EXP 	cross_stim2: autoDraw = False
11.1488 	EXP 	symbol_left: autoDraw = False
11.1488 	EXP 	symbol_right: autoDraw = False
11.1488 	EXP 	cross_stim2: autoDraw = False
11.1488 	EXP 	symbol_left: autoDraw = False
11.1488 	EXP 	symbol_right: autoDraw = False
11.1488 	EXP 	s_left_3: texRes = 128
11.1488 	EXP 	s_left_3: image = 'g_4.png'
11.1488 	EXP 	s_right_3: texRes = 128
11.1488 	EXP 	s_right_3: image = 'b_4.png'
11.1488 	EXP 	s_if_left_3: texRes = 128
11.1488 	EXP 	s_if_left_3: image = 'g_4_d.png'
11.1488 	EXP 	s_if_right_3: texRes = 128
11.1488 	EXP 	s_if_right_3: image = 'b_4_d.png'
11.1488 	EXP 	cross_sel: autoDraw = False
11.1488 	EXP 	s_left_3: autoDraw = False
11.1488 	EXP 	s_right_3: autoDraw = False
11.1488 	EXP 	s_if_left_3: autoDraw = False
11.1488 	EXP 	s_if_right_3: autoDraw = False
11.1488 	EXP 	s_left: texRes = 128
11.1488 	EXP 	s_left: image = 'g_4.png'
11.1488 	EXP 	s_right: texRes = 128
11.1488 	EXP 	s_right: image = 'b_4.png'
11.1488 	EXP 	s_if_left: texRes = 128
11.1488 	EXP 	s_if_left: image = 'g_4_d.png'
11.1488 	EXP 	s_if_right: texRes = 128
11.1488 	EXP 	s_if_right: image = 'b_4_d.png'
11.1488 	EXP 	text_2: height = 0.03
11.1488 	EXP 	text_2: height = 0.03
11.1488 	EXP 	text_2: height = 0.03
11.1488 	EXP 	text_2: text = '6 9'
11.1488 	EXP 	text_5: height = 0.03
11.1488 	EXP 	text_5: height = 0.03
11.1488 	EXP 	text_5: height = 0.03
11.1488 	EXP 	text_5: text = 0
11.1488 	EXP 	cross_feed: autoDraw = False
11.1488 	EXP 	s_left: autoDraw = False
11.1488 	EXP 	s_right: autoDraw = False
11.1488 	EXP 	s_if_left: autoDraw = False
11.1488 	EXP 	s_if_right: autoDraw = False
11.1488 	EXP 	text_2: autoDraw = False
11.1488 	EXP 	text_5: autoDraw = False
11.1488 	EXP 	s_left_2: texRes = 128
11.1488 	EXP 	s_left_2: image = 'g_4.png'
11.1488 	EXP 	s_right_2: texRes = 128
11.1488 	EXP 	s_right_2: image = 'b_4.png'
11.1488 	EXP 	text_3: height = 0.02
11.1488 	EXP 	text_3: height = 0.02
11.1488 	EXP 	text_3: height = 0.02
11.1488 	EXP 	text_3: text = 'Too slow'
11.1488 	EXP 	cross_slow: autoDraw = True
11.1488 	EXP 	s_left_2: autoDraw = True
11.1488 	EXP 	s_right_2: autoDraw = True
11.1488 	EXP 	text_3: autoDraw = True
11.9491 	EXP 	New trial (rep=0, index=1): OrderedDict([('left', 'g_4.png'), ('right', 'y_4.png'), ('left_selected', 'g_4_d.png'), ('right_selected', 'y_4_d.png'), ('right_rew_dbl', 50), ('left_rew_dbl', 74), ('stim1', 1), ('stim2', 4), ('trigger_integer', 14), ('block', 4), ('trial_n', 2), ('trial_id', 542), ('right_rew', '5 0'), ('left_rew', '7 4'), ('typeOfChoice', 3), ('correct', 0.0)])
12.1230 	WARNING 	Multiple dropped frames have occurred - I'll stop bothering you about them!
12.1228 	EXP 	cross_slow: autoDraw = False
12.1228 	EXP 	s_left_2: autoDraw = False
12.1228 	EXP 	s_right_2: autoDraw = False
12.1228 	EXP 	text_3: autoDraw = False
12.1228 	EXP 	cross_slow: autoDraw = False
12.1228 	EXP 	s_left_2: autoDraw = False
12.1228 	EXP 	s_right_2: autoDraw = False
12.1228 	EXP 	text_3: autoDraw = False
12.1228 	EXP 	text_6: height = 0.026
12.1228 	EXP 	text_6: height = 0.026
12.1228 	EXP 	text_6: height = 0.026
12.1228 	EXP 	text_6: text = 'Task finished. Well Done! Total points won: 0\n Ending experiment'
12.1228 	EXP 	text_6: autoDraw = False
12.1228 	EXP 	text_10: text = "In this practice block, you will choose between pairs of slot machines (shown below) that give you variable points. To win the game you should select the slot machines strategically so that by the end of the block you have as many points as possible. Select the left or right slot machine by using the left or right keys on the keyboard. You have 2 seconds to make your choice. \n Now we will do a short practice. Press the left or right key to start whenever you're ready."
12.1228 	EXP 	image_9: image = 'b_4.png'
12.1228 	EXP 	image_10: image = 'g_4.png'
12.1228 	EXP 	image_11: image = 'p_4.png'
12.1228 	EXP 	image_12: image = 'y_4.png'
12.1228 	EXP 	text_10: autoDraw = False
12.1228 	EXP 	image_9: autoDraw = False
12.1228 	EXP 	image_10: autoDraw = False
12.1228 	EXP 	image_11: autoDraw = False
12.1228 	EXP 	image_12: autoDraw = False
12.1228 	EXP 	text: text = "Well done! You gained 0 points. There is no perfect number of points but try to always maximise them. \n Press a button to start the main game whenever you're ready."
12.1228 	EXP 	image: image = 'b_4.png'
12.1228 	EXP 	image_2: image = 'g_4.png'
12.1228 	EXP 	image_3: image = 'p_4.png'
12.1228 	EXP 	image_4: image = 'y_4.png'
12.1228 	EXP 	green_frame: texRes = 128
12.1228 	EXP 	text: autoDraw = False
12.1228 	EXP 	image: autoDraw = False
12.1228 	EXP 	image_2: autoDraw = False
12.1228 	EXP 	image_3: autoDraw = False
12.1228 	EXP 	image_4: autoDraw = False
12.1228 	EXP 	green_frame: autoDraw = False
12.1228 	EXP 	cross_fixation: autoDraw = True
12.4885 	EXP 	cross_fixation: autoDraw = False
12.4885 	EXP 	cross_fixation: autoDraw = False
12.4885 	EXP 	symbol_left: image = 'g_4.png'
12.4885 	EXP 	symbol_right: image = 'y_4.png'
12.4885 	EXP 	cross_stim2: autoDraw = True
12.4885 	EXP 	symbol_left: autoDraw = True
12.4885 	EXP 	symbol_right: autoDraw = True
13.7412 	EXP 	cross_stim2: autoDraw = False
13.7412 	EXP 	symbol_left: autoDraw = False
13.7412 	EXP 	symbol_right: autoDraw = False
13.7412 	EXP 	cross_stim2: autoDraw = False
13.7412 	EXP 	symbol_left: autoDraw = False
13.7412 	EXP 	symbol_right: autoDraw = False
13.7412 	EXP 	s_left_3: texRes = 128
13.7412 	EXP 	s_left_3: image = 'g_4.png'
13.7412 	EXP 	s_right_3: texRes = 128
13.7412 	EXP 	s_right_3: image = 'y_4.png'
13.7412 	EXP 	s_if_left_3: texRes = 128
13.7412 	EXP 	s_if_left_3: image = 'g_4_d.png'
13.7412 	EXP 	s_if_right_3: texRes = 128
13.7412 	EXP 	s_if_right_3: image = 'y_4_d.png'
13.7412 	EXP 	cross_sel: autoDraw = False
13.7412 	EXP 	s_left_3: autoDraw = False
13.7412 	EXP 	s_right_3: autoDraw = False
13.7412 	EXP 	s_if_left_3: autoDraw = False
13.7412 	EXP 	s_if_right_3: autoDraw = False
13.7412 	EXP 	s_left: texRes = 128
13.7412 	EXP 	s_left: image = 'g_4.png'
13.7412 	EXP 	s_right: texRes = 128
13.7412 	EXP 	s_right: image = 'y_4.png'
13.7412 	EXP 	s_if_left: texRes = 128
13.7412 	EXP 	s_if_left: image = 'g_4_d.png'
13.7412 	EXP 	s_if_right: texRes = 128
13.7412 	EXP 	s_if_right: image = 'y_4_d.png'
13.7412 	EXP 	text_2: height = 0.03
13.7412 	EXP 	text_2: height = 0.03
13.7412 	EXP 	text_2: height = 0.03
13.7412 	EXP 	text_2: text = '7 4'
13.7412 	EXP 	text_5: height = 0.03
13.7412 	EXP 	text_5: height = 0.03
13.7412 	EXP 	text_5: height = 0.03
13.7412 	EXP 	text_5: text = 0
13.7412 	EXP 	cross_feed: autoDraw = False
13.7412 	EXP 	s_left: autoDraw = False
13.7412 	EXP 	s_right: autoDraw = False
13.7412 	EXP 	s_if_left: autoDraw = False
13.7412 	EXP 	s_if_right: autoDraw = False
13.7412 	EXP 	text_2: autoDraw = False
13.7412 	EXP 	text_5: autoDraw = False
13.7412 	EXP 	s_left_2: texRes = 128
13.7412 	EXP 	s_left_2: image = 'g_4.png'
13.7412 	EXP 	s_right_2: texRes = 128
13.7412 	EXP 	s_right_2: image = 'y_4.png'
13.7412 	EXP 	text_3: text = 'Too slow'
13.7412 	EXP 	cross_slow: autoDraw = True
13.7412 	EXP 	s_left_2: autoDraw = True
13.7412 	EXP 	s_right_2: autoDraw = True
13.7412 	EXP 	text_3: autoDraw = True
14.5257 	EXP 	New trial (rep=0, index=2): OrderedDict([('left', 'p_4.png'), ('right', 'b_4.png'), ('left_selected', 'p_4_d.png'), ('right_selected', 'b_4_d.png'), ('right_rew_dbl', 36), ('left_rew_dbl', 61), ('stim1', 2), ('stim2', 3), ('trigger_integer', 23), ('block', 4), ('trial_n', 3), ('trial_id', 543), ('right_rew', '3 6'), ('left_rew', '6 1'), ('typeOfChoice', 4), ('correct', 0.0)])
14.6931 	EXP 	cross_slow: autoDraw = False
14.6931 	EXP 	s_left_2: autoDraw = False
14.6931 	EXP 	s_right_2: autoDraw = False
14.6931 	EXP 	text_3: autoDraw = False
14.6931 	EXP 	cross_slow: autoDraw = False
14.6931 	EXP 	s_left_2: autoDraw = False
14.6931 	EXP 	s_right_2: autoDraw = False
14.6931 	EXP 	text_3: autoDraw = False
14.6931 	EXP 	text_6: text = 'Task finished. Well Done! Total points won: 0\n Ending experiment'
14.6931 	EXP 	text_6: autoDraw = False
14.6931 	EXP 	text_10: text = "In this practice block, you will choose between pairs of slot machines (shown below) that give you variable points. To win the game you should select the slot machines strategically so that by the end of the block you have as many points as possible. Select the left or right slot machine by using the left or right keys on the keyboard. You have 2 seconds to make your choice. \n Now we will do a short practice. Press the left or right key to start whenever you're ready."
14.6931 	EXP 	image_9: image = 'b_4.png'
14.6931 	EXP 	image_10: image = 'g_4.png'
14.6931 	EXP 	image_11: image = 'p_4.png'
14.6931 	EXP 	image_12: image = 'y_4.png'
14.6931 	EXP 	text_10: autoDraw = False
14.6931 	EXP 	image_9: autoDraw = False
14.6931 	EXP 	image_10: autoDraw = False
14.6931 	EXP 	image_11: autoDraw = False
14.6931 	EXP 	image_12: autoDraw = False
14.6931 	EXP 	text: text = "Well done! You gained 0 points. There is no perfect number of points but try to always maximise them. \n Press a button to start the main game whenever you're ready."
14.6931 	EXP 	image: image = 'b_4.png'
14.6931 	EXP 	image_2: image = 'g_4.png'
14.6931 	EXP 	image_3: image = 'p_4.png'
14.6931 	EXP 	image_4: image = 'y_4.png'
14.6931 	EXP 	green_frame: texRes = 128
14.6931 	EXP 	text: autoDraw = False
14.6931 	EXP 	image: autoDraw = False
14.6931 	EXP 	image_2: autoDraw = False
14.6931 	EXP 	image_3: autoDraw = False
14.6931 	EXP 	image_4: autoDraw = False
14.6931 	EXP 	green_frame: autoDraw = False
14.6931 	EXP 	cross_fixation: autoDraw = True
15.0346 	EXP 	cross_fixation: autoDraw = False
15.0346 	EXP 	cross_fixation: autoDraw = False
15.0346 	EXP 	symbol_left: image = 'p_4.png'
15.0346 	EXP 	symbol_right: image = 'b_4.png'
15.0346 	EXP 	cross_stim2: autoDraw = True
15.0346 	EXP 	symbol_left: autoDraw = True
15.0346 	EXP 	symbol_right: autoDraw = True
16.2921 	EXP 	cross_stim2: autoDraw = False
16.2921 	EXP 	symbol_left: autoDraw = False
16.2921 	EXP 	symbol_right: autoDraw = False
16.2921 	EXP 	cross_stim2: autoDraw = False
16.2921 	EXP 	symbol_left: autoDraw = False
16.2921 	EXP 	symbol_right: autoDraw = False
16.2921 	EXP 	s_left_3: texRes = 128
16.2921 	EXP 	s_left_3: image = 'p_4.png'
16.2921 	EXP 	s_right_3: texRes = 128
16.2921 	EXP 	s_right_3: image = 'b_4.png'
16.2921 	EXP 	s_if_left_3: texRes = 128
16.2921 	EXP 	s_if_left_3: image = 'p_4_d.png'
16.2921 	EXP 	s_if_right_3: texRes = 128
16.2921 	EXP 	s_if_right_3: image = 'b_4_d.png'
16.2921 	EXP 	cross_sel: autoDraw = False
16.2921 	EXP 	s_left_3: autoDraw = False
16.2921 	EXP 	s_right_3: autoDraw = False
16.2921 	EXP 	s_if_left_3: autoDraw = False
16.2921 	EXP 	s_if_right_3: autoDraw = False
16.2921 	EXP 	s_left: texRes = 128
16.2921 	EXP 	s_left: image = 'p_4.png'
16.2921 	EXP 	s_right: texRes = 128
16.2921 	EXP 	s_right: image = 'b_4.png'
16.2921 	EXP 	s_if_left: texRes = 128
16.2921 	EXP 	s_if_left: image = 'p_4_d.png'
16.2921 	EXP 	s_if_right: texRes = 128
16.2921 	EXP 	s_if_right: image = 'b_4_d.png'
16.2921 	EXP 	text_2: height = 0.03
16.2921 	EXP 	text_2: height = 0.03
16.2921 	EXP 	text_2: height = 0.03
16.2921 	EXP 	text_2: text = '6 1'
16.2921 	EXP 	text_5: height = 0.03
16.2921 	EXP 	text_5: height = 0.03
16.2921 	EXP 	text_5: height = 0.03
16.2921 	EXP 	text_5: text = 0
16.2921 	EXP 	cross_feed: autoDraw = False
16.2921 	EXP 	s_left: autoDraw = False
16.2921 	EXP 	s_right: autoDraw = False
16.2921 	EXP 	s_if_left: autoDraw = False
16.2921 	EXP 	s_if_right: autoDraw = False
16.2921 	EXP 	text_2: autoDraw = False
16.2921 	EXP 	text_5: autoDraw = False
16.2921 	EXP 	s_left_2: texRes = 128
16.2921 	EXP 	s_left_2: image = 'p_4.png'
16.2921 	EXP 	s_right_2: texRes = 128
16.2921 	EXP 	s_right_2: image = 'b_4.png'
16.2921 	EXP 	text_3: text = 'Too slow'
16.2921 	EXP 	cross_slow: autoDraw = True
16.2921 	EXP 	s_left_2: autoDraw = True
16.2921 	EXP 	s_right_2: autoDraw = True
16.2921 	EXP 	text_3: autoDraw = True
17.0768 	EXP 	New trial (rep=0, index=3): OrderedDict([('left', 'p_4.png'), ('right', 'g_4.png'), ('left_selected', 'p_4_d.png'), ('right_selected', 'g_4_d.png'), ('right_rew_dbl', 55), ('left_rew_dbl', 65), ('stim1', 2), ('stim2', 1), ('trigger_integer', 21), ('block', 4), ('trial_n', 4), ('trial_id', 544), ('right_rew', '5 5'), ('left_rew', '6 5'), ('typeOfChoice', 1), ('correct', None)])
17.2237 	EXP 	cross_slow: autoDraw = False
17.2237 	EXP 	s_left_2: autoDraw = False
17.2237 	EXP 	s_right_2: autoDraw = False
17.2237 	EXP 	text_3: autoDraw = False
17.2237 	EXP 	cross_slow: autoDraw = False
17.2237 	EXP 	s_left_2: autoDraw = False
17.2237 	EXP 	s_right_2: autoDraw = False
17.2237 	EXP 	text_3: autoDraw = False
17.2237 	EXP 	text_6: text = 'Task finished. Well Done! Total points won: 0\n Ending experiment'
17.2237 	EXP 	text_6: autoDraw = False
17.2237 	EXP 	text_10: text = "In this practice block, you will choose between pairs of slot machines (shown below) that give you variable points. To win the game you should select the slot machines strategically so that by the end of the block you have as many points as possible. Select the left or right slot machine by using the left or right keys on the keyboard. You have 2 seconds to make your choice. \n Now we will do a short practice. Press the left or right key to start whenever you're ready."
17.2237 	EXP 	image_9: image = 'b_4.png'
17.2237 	EXP 	image_10: image = 'g_4.png'
17.2237 	EXP 	image_11: image = 'p_4.png'
17.2237 	EXP 	image_12: image = 'y_4.png'
17.2237 	EXP 	text_10: autoDraw = False
17.2237 	EXP 	image_9: autoDraw = False
17.2237 	EXP 	image_10: autoDraw = False
17.2237 	EXP 	image_11: autoDraw = False
17.2237 	EXP 	image_12: autoDraw = False
17.2237 	EXP 	text: text = "Well done! You gained 0 points. There is no perfect number of points but try to always maximise them. \n Press a button to start the main game whenever you're ready."
17.2237 	EXP 	image: image = 'b_4.png'
17.2237 	EXP 	image_2: image = 'g_4.png'
17.2237 	EXP 	image_3: image = 'p_4.png'
17.2237 	EXP 	image_4: image = 'y_4.png'
17.2237 	EXP 	green_frame: texRes = 128
17.2237 	EXP 	text: autoDraw = False
17.2237 	EXP 	image: autoDraw = False
17.2237 	EXP 	image_2: autoDraw = False
17.2237 	EXP 	image_3: autoDraw = False
17.2237 	EXP 	image_4: autoDraw = False
17.2237 	EXP 	green_frame: autoDraw = False
17.2237 	EXP 	cross_fixation: autoDraw = True
17.5880 	EXP 	cross_fixation: autoDraw = False
17.5880 	EXP 	cross_fixation: autoDraw = False
17.5880 	EXP 	symbol_left: image = 'p_4.png'
17.5880 	EXP 	symbol_right: image = 'g_4.png'
17.5880 	EXP 	cross_stim2: autoDraw = True
17.5880 	EXP 	symbol_left: autoDraw = True
17.5880 	EXP 	symbol_right: autoDraw = True
18.8488 	EXP 	cross_stim2: autoDraw = False
18.8488 	EXP 	symbol_left: autoDraw = False
18.8488 	EXP 	symbol_right: autoDraw = False
18.8488 	EXP 	cross_stim2: autoDraw = False
18.8488 	EXP 	symbol_left: autoDraw = False
18.8488 	EXP 	symbol_right: autoDraw = False
18.8488 	EXP 	s_left_3: texRes = 128
18.8488 	EXP 	s_left_3: image = 'p_4.png'
18.8488 	EXP 	s_right_3: texRes = 128
18.8488 	EXP 	s_right_3: image = 'g_4.png'
18.8488 	EXP 	s_if_left_3: texRes = 128
18.8488 	EXP 	s_if_left_3: image = 'p_4_d.png'
18.8488 	EXP 	s_if_right_3: texRes = 128
18.8488 	EXP 	s_if_right_3: image = 'g_4_d.png'
18.8488 	EXP 	cross_sel: autoDraw = False
18.8488 	EXP 	s_left_3: autoDraw = False
18.8488 	EXP 	s_right_3: autoDraw = False
18.8488 	EXP 	s_if_left_3: autoDraw = False
18.8488 	EXP 	s_if_right_3: autoDraw = False
18.8488 	EXP 	s_left: texRes = 128
18.8488 	EXP 	s_left: image = 'p_4.png'
18.8488 	EXP 	s_right: texRes = 128
18.8488 	EXP 	s_right: image = 'g_4.png'
18.8488 	EXP 	s_if_left: texRes = 128
18.8488 	EXP 	s_if_left: image = 'p_4_d.png'
18.8488 	EXP 	s_if_right: texRes = 128
18.8488 	EXP 	s_if_right: image = 'g_4_d.png'
18.8488 	EXP 	text_2: height = 0.03
18.8488 	EXP 	text_2: height = 0.03
18.8488 	EXP 	text_2: height = 0.03
18.8488 	EXP 	text_2: text = '6 5'
18.8488 	EXP 	text_5: height = 0.03
18.8488 	EXP 	text_5: height = 0.03
18.8488 	EXP 	text_5: height = 0.03
18.8488 	EXP 	text_5: text = 0
18.8488 	EXP 	cross_feed: autoDraw = False
18.8488 	EXP 	s_left: autoDraw = False
18.8488 	EXP 	s_right: autoDraw = False
18.8488 	EXP 	s_if_left: autoDraw = False
18.8488 	EXP 	s_if_right: autoDraw = False
18.8488 	EXP 	text_2: autoDraw = False
18.8488 	EXP 	text_5: autoDraw = False
18.8488 	EXP 	s_left_2: texRes = 128
18.8488 	EXP 	s_left_2: image = 'p_4.png'
18.8488 	EXP 	s_right_2: texRes = 128
18.8488 	EXP 	s_right_2: image = 'g_4.png'
18.8488 	EXP 	text_3: text = 'Too slow'
18.8488 	EXP 	cross_slow: autoDraw = True
18.8488 	EXP 	s_left_2: autoDraw = True
18.8488 	EXP 	s_right_2: autoDraw = True
18.8488 	EXP 	text_3: autoDraw = True
19.6393 	EXP 	New trial (rep=0, index=4): OrderedDict([('left', 'y_4.png'), ('right', 'p_4.png'), ('left_selected', 'y_4_d.png'), ('right_selected', 'p_4_d.png'), ('right_rew_dbl', 53), ('left_rew_dbl', 38), ('stim1', 4), ('stim2', 2), ('trigger_integer', 42), ('block', 4), ('trial_n', 5), ('trial_id', 545), ('right_rew', '5 3'), ('left_rew', '3 8'), ('typeOfChoice', 5), ('correct', 1.0)])
19.8166 	EXP 	cross_slow: autoDraw = False
19.8166 	EXP 	s_left_2: autoDraw = False
19.8166 	EXP 	s_right_2: autoDraw = False
19.8166 	EXP 	text_3: autoDraw = False
19.8166 	EXP 	cross_slow: autoDraw = False
19.8166 	EXP 	s_left_2: autoDraw = False
19.8166 	EXP 	s_right_2: autoDraw = False
19.8166 	EXP 	text_3: autoDraw = False
19.8166 	EXP 	text_6: text = 'Task finished. Well Done! Total points won: 0\n Ending experiment'
19.8166 	EXP 	text_6: autoDraw = False
19.8166 	EXP 	text_10: text = "In this practice block, you will choose between pairs of slot machines (shown below) that give you variable points. To win the game you should select the slot machines strategically so that by the end of the block you have as many points as possible. Select the left or right slot machine by using the left or right keys on the keyboard. You have 2 seconds to make your choice. \n Now we will do a short practice. Press the left or right key to start whenever you're ready."
19.8166 	EXP 	image_9: image = 'b_4.png'
19.8166 	EXP 	image_10: image = 'g_4.png'
19.8166 	EXP 	image_11: image = 'p_4.png'
19.8166 	EXP 	image_12: image = 'y_4.png'
19.8166 	EXP 	text_10: autoDraw = False
19.8166 	EXP 	image_9: autoDraw = False
19.8166 	EXP 	image_10: autoDraw = False
19.8166 	EXP 	image_11: autoDraw = False
19.8166 	EXP 	image_12: autoDraw = False
19.8166 	EXP 	text: text = "Well done! You gained 0 points. There is no perfect number of points but try to always maximise them. \n Press a button to start the main game whenever you're ready."
19.8166 	EXP 	image: image = 'b_4.png'
19.8166 	EXP 	image_2: image = 'g_4.png'
19.8166 	EXP 	image_3: image = 'p_4.png'
19.8166 	EXP 	image_4: image = 'y_4.png'
19.8166 	EXP 	green_frame: texRes = 128
19.8166 	EXP 	text: autoDraw = False
19.8166 	EXP 	image: autoDraw = False
19.8166 	EXP 	image_2: autoDraw = False
19.8166 	EXP 	image_3: autoDraw = False
19.8166 	EXP 	image_4: autoDraw = False
19.8166 	EXP 	green_frame: autoDraw = False
19.8166 	EXP 	cross_fixation: autoDraw = True
20.1681 	EXP 	cross_fixation: autoDraw = False
20.1681 	EXP 	cross_fixation: autoDraw = False
20.1681 	EXP 	symbol_left: image = 'y_4.png'
20.1681 	EXP 	symbol_right: image = 'p_4.png'
20.1681 	EXP 	cross_stim2: autoDraw = True
20.1681 	EXP 	symbol_left: autoDraw = True
20.1681 	EXP 	symbol_right: autoDraw = True
21.4284 	EXP 	cross_stim2: autoDraw = False
21.4284 	EXP 	symbol_left: autoDraw = False
21.4284 	EXP 	symbol_right: autoDraw = False
21.4284 	EXP 	cross_stim2: autoDraw = False
21.4284 	EXP 	symbol_left: autoDraw = False
21.4284 	EXP 	symbol_right: autoDraw = False
21.4284 	EXP 	s_left_3: texRes = 128
21.4284 	EXP 	s_left_3: image = 'y_4.png'
21.4284 	EXP 	s_right_3: texRes = 128
21.4284 	EXP 	s_right_3: image = 'p_4.png'
21.4284 	EXP 	s_if_left_3: texRes = 128
21.4284 	EXP 	s_if_left_3: image = 'y_4_d.png'
21.4284 	EXP 	s_if_right_3: texRes = 128
21.4284 	EXP 	s_if_right_3: image = 'p_4_d.png'
21.4284 	EXP 	cross_sel: autoDraw = False
21.4284 	EXP 	s_left_3: autoDraw = False
21.4284 	EXP 	s_right_3: autoDraw = False
21.4284 	EXP 	s_if_left_3: autoDraw = False
21.4284 	EXP 	s_if_right_3: autoDraw = False
21.4284 	EXP 	s_left: texRes = 128
21.4284 	EXP 	s_left: image = 'y_4.png'
21.4284 	EXP 	s_right: texRes = 128
21.4284 	EXP 	s_right: image = 'p_4.png'
21.4284 	EXP 	s_if_left: texRes = 128
21.4284 	EXP 	s_if_left: image = 'y_4_d.png'
21.4284 	EXP 	s_if_right: texRes = 128
21.4284 	EXP 	s_if_right: image = 'p_4_d.png'
21.4284 	EXP 	text_2: height = 0.03
21.4284 	EXP 	text_2: height = 0.03
21.4284 	EXP 	text_2: height = 0.03
21.4284 	EXP 	text_2: text = '3 8'
21.4284 	EXP 	text_5: height = 0.03
21.4284 	EXP 	text_5: height = 0.03
21.4284 	EXP 	text_5: height = 0.03
21.4284 	EXP 	text_5: text = 0
21.4284 	EXP 	cross_feed: autoDraw = False
21.4284 	EXP 	s_left: autoDraw = False
21.4284 	EXP 	s_right: autoDraw = False
21.4284 	EXP 	s_if_left: autoDraw = False
21.4284 	EXP 	s_if_right: autoDraw = False
21.4284 	EXP 	text_2: autoDraw = False
21.4284 	EXP 	text_5: autoDraw = False
21.4284 	EXP 	s_left_2: texRes = 128
21.4284 	EXP 	s_left_2: image = 'y_4.png'
21.4284 	EXP 	s_right_2: texRes = 128
21.4284 	EXP 	s_right_2: image = 'p_4.png'
21.4284 	EXP 	text_3: text = 'Too slow'
21.4284 	EXP 	cross_slow: autoDraw = True
21.4284 	EXP 	s_left_2: autoDraw = True
21.4284 	EXP 	s_right_2: autoDraw = True
21.4284 	EXP 	text_3: autoDraw = True
22.2202 	EXP 	New trial (rep=0, index=5): OrderedDict([('left', 'b_4.png'), ('right', 'p_4.png'), ('left_selected', 'b_4_d.png'), ('right_selected', 'p_4_d.png'), ('right_rew_dbl', 60), ('left_rew_dbl', 50), ('stim1', 3), ('stim2', 2), ('trigger_integer', 32), ('block', 4), ('trial_n', 6), ('trial_id', 546), ('right_rew', '6 0'), ('left_rew', '5 0'), ('typeOfChoice', 4), ('correct', 1.0)])
22.3794 	EXP 	cross_slow: autoDraw = False
22.3794 	EXP 	s_left_2: autoDraw = False
22.3794 	EXP 	s_right_2: autoDraw = False
22.3794 	EXP 	text_3: autoDraw = False
22.3794 	EXP 	cross_slow: autoDraw = False
22.3794 	EXP 	s_left_2: autoDraw = False
22.3794 	EXP 	s_right_2: autoDraw = False
22.3794 	EXP 	text_3: autoDraw = False
22.3794 	EXP 	text_6: text = 'Task finished. Well Done! Total points won: 0\n Ending experiment'
22.3794 	EXP 	text_6: autoDraw = False
22.3794 	EXP 	text_10: text = "In this practice block, you will choose between pairs of slot machines (shown below) that give you variable points. To win the game you should select the slot machines strategically so that by the end of the block you have as many points as possible. Select the left or right slot machine by using the left or right keys on the keyboard. You have 2 seconds to make your choice. \n Now we will do a short practice. Press the left or right key to start whenever you're ready."
22.3794 	EXP 	image_9: image = 'b_4.png'
22.3794 	EXP 	image_10: image = 'g_4.png'
22.3794 	EXP 	image_11: image = 'p_4.png'
22.3794 	EXP 	image_12: image = 'y_4.png'
22.3794 	EXP 	text_10: autoDraw = False
22.3794 	EXP 	image_9: autoDraw = False
22.3794 	EXP 	image_10: autoDraw = False
22.3794 	EXP 	image_11: autoDraw = False
22.3794 	EXP 	image_12: autoDraw = False
22.3794 	EXP 	text: text = "Well done! You gained 0 points. There is no perfect number of points but try to always maximise them. \n Press a button to start the main game whenever you're ready."
22.3794 	EXP 	image: image = 'b_4.png'
22.3794 	EXP 	image_2: image = 'g_4.png'
22.3794 	EXP 	image_3: image = 'p_4.png'
22.3794 	EXP 	image_4: image = 'y_4.png'
22.3794 	EXP 	green_frame: texRes = 128
22.3794 	EXP 	text: autoDraw = False
22.3794 	EXP 	image: autoDraw = False
22.3794 	EXP 	image_2: autoDraw = False
22.3794 	EXP 	image_3: autoDraw = False
22.3794 	EXP 	image_4: autoDraw = False
22.3794 	EXP 	green_frame: autoDraw = False
22.3794 	EXP 	cross_fixation: autoDraw = True
22.7262 	EXP 	cross_fixation: autoDraw = False
22.7262 	EXP 	cross_fixation: autoDraw = False
22.7262 	EXP 	symbol_left: image = 'b_4.png'
22.7262 	EXP 	symbol_right: image = 'p_4.png'
22.7262 	EXP 	cross_stim2: autoDraw = True
22.7262 	EXP 	symbol_left: autoDraw = True
22.7262 	EXP 	symbol_right: autoDraw = True
23.9784 	EXP 	cross_stim2: autoDraw = False
23.9784 	EXP 	symbol_left: autoDraw = False
23.9784 	EXP 	symbol_right: autoDraw = False
23.9784 	EXP 	cross_stim2: autoDraw = False
23.9784 	EXP 	symbol_left: autoDraw = False
23.9784 	EXP 	symbol_right: autoDraw = False
23.9784 	EXP 	s_left_3: texRes = 128
23.9784 	EXP 	s_left_3: image = 'b_4.png'
23.9784 	EXP 	s_right_3: texRes = 128
23.9784 	EXP 	s_right_3: image = 'p_4.png'
23.9784 	EXP 	s_if_left_3: texRes = 128
23.9784 	EXP 	s_if_left_3: image = 'b_4_d.png'
23.9784 	EXP 	s_if_right_3: texRes = 128
23.9784 	EXP 	s_if_right_3: image = 'p_4_d.png'
23.9784 	EXP 	cross_sel: autoDraw = False
23.9784 	EXP 	s_left_3: autoDraw = False
23.9784 	EXP 	s_right_3: autoDraw = False
23.9784 	EXP 	s_if_left_3: autoDraw = False
23.9784 	EXP 	s_if_right_3: autoDraw = False
23.9784 	EXP 	s_left: texRes = 128
23.9784 	EXP 	s_left: image = 'b_4.png'
23.9784 	EXP 	s_right: texRes = 128
23.9784 	EXP 	s_right: image = 'p_4.png'
23.9784 	EXP 	s_if_left: texRes = 128
23.9784 	EXP 	s_if_left: image = 'b_4_d.png'
23.9784 	EXP 	s_if_right: texRes = 128
23.9784 	EXP 	s_if_right: image = 'p_4_d.png'
23.9784 	EXP 	text_2: height = 0.03
23.9784 	EXP 	text_2: height = 0.03
23.9784 	EXP 	text_2: height = 0.03
23.9784 	EXP 	text_2: text = '5 0'
23.9784 	EXP 	text_5: height = 0.03
23.9784 	EXP 	text_5: height = 0.03
23.9784 	EXP 	text_5: height = 0.03
23.9784 	EXP 	text_5: text = 0
23.9784 	EXP 	cross_feed: autoDraw = False
23.9784 	EXP 	s_left: autoDraw = False
23.9784 	EXP 	s_right: autoDraw = False
23.9784 	EXP 	s_if_left: autoDraw = False
23.9784 	EXP 	s_if_right: autoDraw = False
23.9784 	EXP 	text_2: autoDraw = False
23.9784 	EXP 	text_5: autoDraw = False
23.9784 	EXP 	s_left_2: texRes = 128
23.9784 	EXP 	s_left_2: image = 'b_4.png'
23.9784 	EXP 	s_right_2: texRes = 128
23.9784 	EXP 	s_right_2: image = 'p_4.png'
23.9784 	EXP 	text_3: text = 'Too slow'
23.9784 	EXP 	cross_slow: autoDraw = True
23.9784 	EXP 	s_left_2: autoDraw = True
23.9784 	EXP 	s_right_2: autoDraw = True
23.9784 	EXP 	text_3: autoDraw = True
24.7638 	EXP 	New trial (rep=0, index=6): OrderedDict([('left', 'y_4.png'), ('right', 'b_4.png'), ('left_selected', 'y_4_d.png'), ('right_selected', 'b_4_d.png'), ('right_rew_dbl', 58), ('left_rew_dbl', 30), ('stim1', 4), ('stim2', 3), ('trigger_integer', 43), ('block', 4), ('trial_n', 7), ('trial_id', 547), ('right_rew', '5 8'), ('left_rew', '3 0'), ('typeOfChoice', 6), ('correct', None)])
24.9299 	EXP 	cross_slow: autoDraw = False
24.9299 	EXP 	s_left_2: autoDraw = False
24.9299 	EXP 	s_right_2: autoDraw = False
24.9299 	EXP 	text_3: autoDraw = False
24.9299 	EXP 	cross_slow: autoDraw = False
24.9299 	EXP 	s_left_2: autoDraw = False
24.9299 	EXP 	s_right_2: autoDraw = False
24.9299 	EXP 	text_3: autoDraw = False
24.9299 	EXP 	text_6: text = 'Task finished. Well Done! Total points won: 0\n Ending experiment'
24.9299 	EXP 	text_6: autoDraw = False
24.9299 	EXP 	text_10: text = "In this practice block, you will choose between pairs of slot machines (shown below) that give you variable points. To win the game you should select the slot machines strategically so that by the end of the block you have as many points as possible. Select the left or right slot machine by using the left or right keys on the keyboard. You have 2 seconds to make your choice. \n Now we will do a short practice. Press the left or right key to start whenever you're ready."
24.9299 	EXP 	image_9: image = 'b_4.png'
24.9299 	EXP 	image_10: image = 'g_4.png'
24.9299 	EXP 	image_11: image = 'p_4.png'
24.9299 	EXP 	image_12: image = 'y_4.png'
24.9299 	EXP 	text_10: autoDraw = False
24.9299 	EXP 	image_9: autoDraw = False
24.9299 	EXP 	image_10: autoDraw = False
24.9299 	EXP 	image_11: autoDraw = False
24.9299 	EXP 	image_12: autoDraw = False
24.9299 	EXP 	text: text = "Well done! You gained 0 points. There is no perfect number of points but try to always maximise them. \n Press a button to start the main game whenever you're ready."
24.9299 	EXP 	image: image = 'b_4.png'
24.9299 	EXP 	image_2: image = 'g_4.png'
24.9299 	EXP 	image_3: image = 'p_4.png'
24.9299 	EXP 	image_4: image = 'y_4.png'
24.9299 	EXP 	green_frame: texRes = 128
24.9299 	EXP 	text: autoDraw = False
24.9299 	EXP 	image: autoDraw = False
24.9299 	EXP 	image_2: autoDraw = False
24.9299 	EXP 	image_3: autoDraw = False
24.9299 	EXP 	image_4: autoDraw = False
24.9299 	EXP 	green_frame: autoDraw = False
24.9299 	EXP 	cross_fixation: autoDraw = True
25.2889 	EXP 	cross_fixation: autoDraw = False
25.2889 	EXP 	cross_fixation: autoDraw = False
25.2889 	EXP 	symbol_left: image = 'y_4.png'
25.2889 	EXP 	symbol_right: image = 'b_4.png'
25.2889 	EXP 	cross_stim2: autoDraw = True
25.2889 	EXP 	symbol_left: autoDraw = True
25.2889 	EXP 	symbol_right: autoDraw = True
26.5413 	EXP 	cross_stim2: autoDraw = False
26.5413 	EXP 	symbol_left: autoDraw = False
26.5413 	EXP 	symbol_right: autoDraw = False
26.5413 	EXP 	cross_stim2: autoDraw = False
26.5413 	EXP 	symbol_left: autoDraw = False
26.5413 	EXP 	symbol_right: autoDraw = False
26.5413 	EXP 	s_left_3: texRes = 128
26.5413 	EXP 	s_left_3: image = 'y_4.png'
26.5413 	EXP 	s_right_3: texRes = 128
26.5413 	EXP 	s_right_3: image = 'b_4.png'
26.5413 	EXP 	s_if_left_3: texRes = 128
26.5413 	EXP 	s_if_left_3: image = 'y_4_d.png'
26.5413 	EXP 	s_if_right_3: texRes = 128
26.5413 	EXP 	s_if_right_3: image = 'b_4_d.png'
26.5413 	EXP 	cross_sel: autoDraw = False
26.5413 	EXP 	s_left_3: autoDraw = False
26.5413 	EXP 	s_right_3: autoDraw = False
26.5413 	EXP 	s_if_left_3: autoDraw = False
26.5413 	EXP 	s_if_right_3: autoDraw = False
26.5413 	EXP 	s_left: texRes = 128
26.5413 	EXP 	s_left: image = 'y_4.png'
26.5413 	EXP 	s_right: texRes = 128
26.5413 	EXP 	s_right: image = 'b_4.png'
26.5413 	EXP 	s_if_left: texRes = 128
26.5413 	EXP 	s_if_left: image = 'y_4_d.png'
26.5413 	EXP 	s_if_right: texRes = 128
26.5413 	EXP 	s_if_right: image = 'b_4_d.png'
26.5413 	EXP 	text_2: height = 0.03
26.5413 	EXP 	text_2: height = 0.03
26.5413 	EXP 	text_2: height = 0.03
26.5413 	EXP 	text_2: text = '3 0'
26.5413 	EXP 	text_5: height = 0.03
26.5413 	EXP 	text_5: height = 0.03
26.5413 	EXP 	text_5: height = 0.03
26.5413 	EXP 	text_5: text = 0
26.5413 	EXP 	cross_feed: autoDraw = False
26.5413 	EXP 	s_left: autoDraw = False
26.5413 	EXP 	s_right: autoDraw = False
26.5413 	EXP 	s_if_left: autoDraw = False
26.5413 	EXP 	s_if_right: autoDraw = False
26.5413 	EXP 	text_2: autoDraw = False
26.5413 	EXP 	text_5: autoDraw = False
26.5413 	EXP 	s_left_2: texRes = 128
26.5413 	EXP 	s_left_2: image = 'y_4.png'
26.5413 	EXP 	s_right_2: texRes = 128
26.5413 	EXP 	s_right_2: image = 'b_4.png'
26.5413 	EXP 	text_3: text = 'Too slow'
26.5413 	EXP 	cross_slow: autoDraw = True
26.5413 	EXP 	s_left_2: autoDraw = True
26.5413 	EXP 	s_right_2: autoDraw = True
26.5413 	EXP 	text_3: autoDraw = True
27.3266 	EXP 	New trial (rep=0, index=7): OrderedDict([('left', 'y_4.png'), ('right', 'p_4.png'), ('left_selected', 'y_4_d.png'), ('right_selected', 'p_4_d.png'), ('right_rew_dbl', 57), ('left_rew_dbl', 47), ('stim1', 4), ('stim2', 2), ('trigger_integer', 42), ('block', 4), ('trial_n', 8), ('trial_id', 548), ('right_rew', '5 7'), ('left_rew', '4 7'), ('typeOfChoice', 5), ('correct', 1.0)])
27.4848 	EXP 	cross_slow: autoDraw = False
27.4848 	EXP 	s_left_2: autoDraw = False
27.4848 	EXP 	s_right_2: autoDraw = False
27.4848 	EXP 	text_3: autoDraw = False
27.4848 	EXP 	cross_slow: autoDraw = False
27.4848 	EXP 	s_left_2: autoDraw = False
27.4848 	EXP 	s_right_2: autoDraw = False
27.4848 	EXP 	text_3: autoDraw = False
27.4848 	EXP 	text_6: text = 'Task finished. Well Done! Total points won: 0\n Ending experiment'
27.4848 	EXP 	text_6: autoDraw = False
27.4848 	EXP 	text_10: text = "In this practice block, you will choose between pairs of slot machines (shown below) that give you variable points. To win the game you should select the slot machines strategically so that by the end of the block you have as many points as possible. Select the left or right slot machine by using the left or right keys on the keyboard. You have 2 seconds to make your choice. \n Now we will do a short practice. Press the left or right key to start whenever you're ready."
27.4848 	EXP 	image_9: image = 'b_4.png'
27.4848 	EXP 	image_10: image = 'g_4.png'
27.4848 	EXP 	image_11: image = 'p_4.png'
27.4848 	EXP 	image_12: image = 'y_4.png'
27.4848 	EXP 	text_10: autoDraw = False
27.4848 	EXP 	image_9: autoDraw = False
27.4848 	EXP 	image_10: autoDraw = False
27.4848 	EXP 	image_11: autoDraw = False
27.4848 	EXP 	image_12: autoDraw = False
27.4848 	EXP 	text: text = "Well done! You gained 0 points. There is no perfect number of points but try to always maximise them. \n Press a button to start the main game whenever you're ready."
27.4848 	EXP 	image: image = 'b_4.png'
27.4848 	EXP 	image_2: image = 'g_4.png'
27.4848 	EXP 	image_3: image = 'p_4.png'
27.4848 	EXP 	image_4: image = 'y_4.png'
27.4848 	EXP 	green_frame: texRes = 128
27.4848 	EXP 	text: autoDraw = False
27.4848 	EXP 	image: autoDraw = False
27.4848 	EXP 	image_2: autoDraw = False
27.4848 	EXP 	image_3: autoDraw = False
27.4848 	EXP 	image_4: autoDraw = False
27.4848 	EXP 	green_frame: autoDraw = False
27.4848 	EXP 	cross_fixation: autoDraw = True
27.8426 	EXP 	cross_fixation: autoDraw = False
27.8426 	EXP 	cross_fixation: autoDraw = False
27.8426 	EXP 	symbol_left: image = 'y_4.png'
27.8426 	EXP 	symbol_right: image = 'p_4.png'
27.8426 	EXP 	cross_stim2: autoDraw = True
27.8426 	EXP 	symbol_left: autoDraw = True
27.8426 	EXP 	symbol_right: autoDraw = True
29.0921 	EXP 	cross_stim2: autoDraw = False
29.0921 	EXP 	symbol_left: autoDraw = False
29.0921 	EXP 	symbol_right: autoDraw = False
29.0921 	EXP 	cross_stim2: autoDraw = False
29.0921 	EXP 	symbol_left: autoDraw = False
29.0921 	EXP 	symbol_right: autoDraw = False
29.0921 	EXP 	s_left_3: texRes = 128
29.0921 	EXP 	s_left_3: image = 'y_4.png'
29.0921 	EXP 	s_right_3: texRes = 128
29.0921 	EXP 	s_right_3: image = 'p_4.png'
29.0921 	EXP 	s_if_left_3: texRes = 128
29.0921 	EXP 	s_if_left_3: image = 'y_4_d.png'
29.0921 	EXP 	s_if_right_3: texRes = 128
29.0921 	EXP 	s_if_right_3: image = 'p_4_d.png'
29.0921 	EXP 	cross_sel: autoDraw = False
29.0921 	EXP 	s_left_3: autoDraw = False
29.0921 	EXP 	s_right_3: autoDraw = False
29.0921 	EXP 	s_if_left_3: autoDraw = False
29.0921 	EXP 	s_if_right_3: autoDraw = False
29.0921 	EXP 	s_left: texRes = 128
29.0921 	EXP 	s_left: image = 'y_4.png'
29.0921 	EXP 	s_right: texRes = 128
29.0921 	EXP 	s_right: image = 'p_4.png'
29.0921 	EXP 	s_if_left: texRes = 128
29.0921 	EXP 	s_if_left: image = 'y_4_d.png'
29.0921 	EXP 	s_if_right: texRes = 128
29.0921 	EXP 	s_if_right: image = 'p_4_d.png'
29.0921 	EXP 	text_2: height = 0.03
29.0921 	EXP 	text_2: height = 0.03
29.0921 	EXP 	text_2: height = 0.03
29.0921 	EXP 	text_2: text = '4 7'
29.0921 	EXP 	text_5: height = 0.03
29.0921 	EXP 	text_5: height = 0.03
29.0921 	EXP 	text_5: height = 0.03
29.0921 	EXP 	text_5: text = 0
29.0921 	EXP 	cross_feed: autoDraw = False
29.0921 	EXP 	s_left: autoDraw = False
29.0921 	EXP 	s_right: autoDraw = False
29.0921 	EXP 	s_if_left: autoDraw = False
29.0921 	EXP 	s_if_right: autoDraw = False
29.0921 	EXP 	text_2: autoDraw = False
29.0921 	EXP 	text_5: autoDraw = False
29.0921 	EXP 	s_left_2: texRes = 128
29.0921 	EXP 	s_left_2: image = 'y_4.png'
29.0921 	EXP 	s_right_2: texRes = 128
29.0921 	EXP 	s_right_2: image = 'p_4.png'
29.0921 	EXP 	text_3: text = 'Too slow'
29.0921 	EXP 	cross_slow: autoDraw = True
29.0921 	EXP 	s_left_2: autoDraw = True
29.0921 	EXP 	s_right_2: autoDraw = True
29.0921 	EXP 	text_3: autoDraw = True
29.8779 	EXP 	New trial (rep=0, index=8): OrderedDict([('left', 'b_4.png'), ('right', 'g_4.png'), ('left_selected', 'b_4_d.png'), ('right_selected', 'g_4_d.png'), ('right_rew_dbl', 59), ('left_rew_dbl', 36), ('stim1', 3), ('stim2', 1), ('trigger_integer', 31), ('block', 4), ('trial_n', 9), ('trial_id', 549), ('right_rew', '5 9'), ('left_rew', '3 6'), ('typeOfChoice', 2), ('correct', 1.0)])
30.0430 	EXP 	cross_slow: autoDraw = False
30.0430 	EXP 	s_left_2: autoDraw = False
30.0430 	EXP 	s_right_2: autoDraw = False
30.0430 	EXP 	text_3: autoDraw = False
30.0430 	EXP 	cross_slow: autoDraw = False
30.0430 	EXP 	s_left_2: autoDraw = False
30.0430 	EXP 	s_right_2: autoDraw = False
30.0430 	EXP 	text_3: autoDraw = False
30.0430 	EXP 	text_6: text = 'Task finished. Well Done! Total points won: 0\n Ending experiment'
30.0430 	EXP 	text_6: autoDraw = False
30.0430 	EXP 	text_10: text = "In this practice block, you will choose between pairs of slot machines (shown below) that give you variable points. To win the game you should select the slot machines strategically so that by the end of the block you have as many points as possible. Select the left or right slot machine by using the left or right keys on the keyboard. You have 2 seconds to make your choice. \n Now we will do a short practice. Press the left or right key to start whenever you're ready."
30.0430 	EXP 	image_9: image = 'b_4.png'
30.0430 	EXP 	image_10: image = 'g_4.png'
30.0430 	EXP 	image_11: image = 'p_4.png'
30.0430 	EXP 	image_12: image = 'y_4.png'
30.0430 	EXP 	text_10: autoDraw = False
30.0430 	EXP 	image_9: autoDraw = False
30.0430 	EXP 	image_10: autoDraw = False
30.0430 	EXP 	image_11: autoDraw = False
30.0430 	EXP 	image_12: autoDraw = False
30.0430 	EXP 	text: text = "Well done! You gained 0 points. There is no perfect number of points but try to always maximise them. \n Press a button to start the main game whenever you're ready."
30.0430 	EXP 	image: image = 'b_4.png'
30.0430 	EXP 	image_2: image = 'g_4.png'
30.0430 	EXP 	image_3: image = 'p_4.png'
30.0430 	EXP 	image_4: image = 'y_4.png'
30.0430 	EXP 	green_frame: texRes = 128
30.0430 	EXP 	text: autoDraw = False
30.0430 	EXP 	image: autoDraw = False
30.0430 	EXP 	image_2: autoDraw = False
30.0430 	EXP 	image_3: autoDraw = False
30.0430 	EXP 	image_4: autoDraw = False
30.0430 	EXP 	green_frame: autoDraw = False
30.0430 	EXP 	cross_fixation: autoDraw = True
30.4208 	EXP 	cross_fixation: autoDraw = False
30.4208 	EXP 	cross_fixation: autoDraw = False
30.4208 	EXP 	symbol_left: image = 'b_4.png'
30.4208 	EXP 	symbol_right: image = 'g_4.png'
30.4208 	EXP 	cross_stim2: autoDraw = True
30.4208 	EXP 	symbol_left: autoDraw = True
30.4208 	EXP 	symbol_right: autoDraw = True
31.6927 	EXP 	window1: mouseVisible = True
